CRITICAL - 2022-06-02 03:36:02 --> Undefined array key "role"
#0 C:\Users\Ryzen 5\Desktop\frontend\0602-tms-frontend\app\Views\pages\report.php(100): CodeIgniter\Debug\Exceptions->errorHandler(2, 'Undefined array...', 'C:\\Users\\Ryzen ...', 100)
#1 C:\Users\Ryzen 5\Desktop\frontend\0602-tms-frontend\vendor\codeigniter4\framework\system\View\View.php(210): include('C:\\Users\\Ryzen ...')
#2 C:\Users\Ryzen 5\Desktop\frontend\0602-tms-frontend\vendor\codeigniter4\framework\system\View\View.php(213): CodeIgniter\View\View->CodeIgniter\View\{closure}()
#3 C:\Users\Ryzen 5\Desktop\frontend\0602-tms-frontend\vendor\codeigniter4\framework\system\Common.php(1089): CodeIgniter\View\View->render('pages/report', Array, true)
#4 C:\Users\Ryzen 5\Desktop\frontend\0602-tms-frontend\app\Controllers\ReportController.php(23): view('pages/report', Array)
#5 C:\Users\Ryzen 5\Desktop\frontend\0602-tms-frontend\vendor\codeigniter4\framework\system\CodeIgniter.php(832): App\Controllers\ReportController->report()
#6 C:\Users\Ryzen 5\Desktop\frontend\0602-tms-frontend\vendor\codeigniter4\framework\system\CodeIgniter.php(419): CodeIgniter\CodeIgniter->runController(Object(App\Controllers\ReportController))
#7 C:\Users\Ryzen 5\Desktop\frontend\0602-tms-frontend\vendor\codeigniter4\framework\system\CodeIgniter.php(326): CodeIgniter\CodeIgniter->handleRequest(NULL, Object(Config\Cache), false)
#8 C:\Users\Ryzen 5\Desktop\frontend\0602-tms-frontend\public\index.php(37): CodeIgniter\CodeIgniter->run()
#9 C:\Users\Ryzen 5\Desktop\frontend\0602-tms-frontend\vendor\codeigniter4\framework\system\Commands\Server\rewrite.php(43): require_once('C:\\Users\\Ryzen ...')
#10 {main}
CRITICAL - 2022-06-02 08:00:50 --> Undefined array key "role"
#0 C:\Users\Ryzen 5\Desktop\frontend\0602-tms-frontend\app\Views\pages\report.php(101): CodeIgniter\Debug\Exceptions->errorHandler(2, 'Undefined array...', 'C:\\Users\\Ryzen ...', 101)
#1 C:\Users\Ryzen 5\Desktop\frontend\0602-tms-frontend\vendor\codeigniter4\framework\system\View\View.php(210): include('C:\\Users\\Ryzen ...')
#2 C:\Users\Ryzen 5\Desktop\frontend\0602-tms-frontend\vendor\codeigniter4\framework\system\View\View.php(213): CodeIgniter\View\View->CodeIgniter\View\{closure}()
#3 C:\Users\Ryzen 5\Desktop\frontend\0602-tms-frontend\vendor\codeigniter4\framework\system\Common.php(1089): CodeIgniter\View\View->render('pages/report', Array, true)
#4 C:\Users\Ryzen 5\Desktop\frontend\0602-tms-frontend\app\Controllers\ReportController.php(23): view('pages/report', Array)
#5 C:\Users\Ryzen 5\Desktop\frontend\0602-tms-frontend\vendor\codeigniter4\framework\system\CodeIgniter.php(832): App\Controllers\ReportController->report()
#6 C:\Users\Ryzen 5\Desktop\frontend\0602-tms-frontend\vendor\codeigniter4\framework\system\CodeIgniter.php(419): CodeIgniter\CodeIgniter->runController(Object(App\Controllers\ReportController))
#7 C:\Users\Ryzen 5\Desktop\frontend\0602-tms-frontend\vendor\codeigniter4\framework\system\CodeIgniter.php(326): CodeIgniter\CodeIgniter->handleRequest(NULL, Object(Config\Cache), false)
#8 C:\Users\Ryzen 5\Desktop\frontend\0602-tms-frontend\public\index.php(37): CodeIgniter\CodeIgniter->run()
#9 C:\Users\Ryzen 5\Desktop\frontend\0602-tms-frontend\vendor\codeigniter4\framework\system\Commands\Server\rewrite.php(43): require_once('C:\\Users\\Ryzen ...')
#10 {main}
CRITICAL - 2022-06-02 09:03:57 --> Undefined array key "role"
#0 C:\Users\Ryzen 5\Desktop\frontend\0602-tms-frontend\app\Views\pages\report.php(102): CodeIgniter\Debug\Exceptions->errorHandler(2, 'Undefined array...', 'C:\\Users\\Ryzen ...', 102)
#1 C:\Users\Ryzen 5\Desktop\frontend\0602-tms-frontend\vendor\codeigniter4\framework\system\View\View.php(210): include('C:\\Users\\Ryzen ...')
#2 C:\Users\Ryzen 5\Desktop\frontend\0602-tms-frontend\vendor\codeigniter4\framework\system\View\View.php(213): CodeIgniter\View\View->CodeIgniter\View\{closure}()
#3 C:\Users\Ryzen 5\Desktop\frontend\0602-tms-frontend\vendor\codeigniter4\framework\system\Common.php(1089): CodeIgniter\View\View->render('pages/report', Array, true)
#4 C:\Users\Ryzen 5\Desktop\frontend\0602-tms-frontend\app\Controllers\ReportController.php(23): view('pages/report', Array)
#5 C:\Users\Ryzen 5\Desktop\frontend\0602-tms-frontend\vendor\codeigniter4\framework\system\CodeIgniter.php(832): App\Controllers\ReportController->report()
#6 C:\Users\Ryzen 5\Desktop\frontend\0602-tms-frontend\vendor\codeigniter4\framework\system\CodeIgniter.php(419): CodeIgniter\CodeIgniter->runController(Object(App\Controllers\ReportController))
#7 C:\Users\Ryzen 5\Desktop\frontend\0602-tms-frontend\vendor\codeigniter4\framework\system\CodeIgniter.php(326): CodeIgniter\CodeIgniter->handleRequest(NULL, Object(Config\Cache), false)
#8 C:\Users\Ryzen 5\Desktop\frontend\0602-tms-frontend\public\index.php(37): CodeIgniter\CodeIgniter->run()
#9 C:\Users\Ryzen 5\Desktop\frontend\0602-tms-frontend\vendor\codeigniter4\framework\system\Commands\Server\rewrite.php(43): require_once('C:\\Users\\Ryzen ...')
#10 {main}
CRITICAL - 2022-06-02 21:08:54 --> Undefined array key "role"
#0 C:\Users\Ryzen 5\Desktop\frontend\0602-tms-frontend\app\Views\pages\tickets.php(49): CodeIgniter\Debug\Exceptions->errorHandler(2, 'Undefined array...', 'C:\\Users\\Ryzen ...', 49)
#1 C:\Users\Ryzen 5\Desktop\frontend\0602-tms-frontend\vendor\codeigniter4\framework\system\View\View.php(210): include('C:\\Users\\Ryzen ...')
#2 C:\Users\Ryzen 5\Desktop\frontend\0602-tms-frontend\vendor\codeigniter4\framework\system\View\View.php(213): CodeIgniter\View\View->CodeIgniter\View\{closure}()
#3 C:\Users\Ryzen 5\Desktop\frontend\0602-tms-frontend\vendor\codeigniter4\framework\system\Common.php(1089): CodeIgniter\View\View->render('pages/tickets', Array, true)
#4 C:\Users\Ryzen 5\Desktop\frontend\0602-tms-frontend\app\Controllers\Tickets.php(21): view('pages/tickets')
#5 C:\Users\Ryzen 5\Desktop\frontend\0602-tms-frontend\vendor\codeigniter4\framework\system\CodeIgniter.php(832): App\Controllers\Tickets->tickets()
#6 C:\Users\Ryzen 5\Desktop\frontend\0602-tms-frontend\vendor\codeigniter4\framework\system\CodeIgniter.php(419): CodeIgniter\CodeIgniter->runController(Object(App\Controllers\Tickets))
#7 C:\Users\Ryzen 5\Desktop\frontend\0602-tms-frontend\vendor\codeigniter4\framework\system\CodeIgniter.php(326): CodeIgniter\CodeIgniter->handleRequest(NULL, Object(Config\Cache), false)
#8 C:\Users\Ryzen 5\Desktop\frontend\0602-tms-frontend\public\index.php(37): CodeIgniter\CodeIgniter->run()
#9 C:\Users\Ryzen 5\Desktop\frontend\0602-tms-frontend\vendor\codeigniter4\framework\system\Commands\Server\rewrite.php(43): require_once('C:\\Users\\Ryzen ...')
#10 {main}
CRITICAL - 2022-06-02 23:57:55 --> Undefined array key "role"
#0 C:\Users\Ryzen 5\Desktop\frontend\0602-tms-frontend\app\Views\pages\dashboard.php(94): CodeIgniter\Debug\Exceptions->errorHandler(2, 'Undefined array...', 'C:\\Users\\Ryzen ...', 94)
#1 C:\Users\Ryzen 5\Desktop\frontend\0602-tms-frontend\vendor\codeigniter4\framework\system\View\View.php(210): include('C:\\Users\\Ryzen ...')
#2 C:\Users\Ryzen 5\Desktop\frontend\0602-tms-frontend\vendor\codeigniter4\framework\system\View\View.php(213): CodeIgniter\View\View->CodeIgniter\View\{closure}()
#3 C:\Users\Ryzen 5\Desktop\frontend\0602-tms-frontend\vendor\codeigniter4\framework\system\Common.php(1089): CodeIgniter\View\View->render('pages/dashboard', Array, true)
#4 C:\Users\Ryzen 5\Desktop\frontend\0602-tms-frontend\app\Controllers\UserController.php(82): view('pages/dashboard', Array)
#5 C:\Users\Ryzen 5\Desktop\frontend\0602-tms-frontend\vendor\codeigniter4\framework\system\CodeIgniter.php(832): App\Controllers\UserController->dashboard()
#6 C:\Users\Ryzen 5\Desktop\frontend\0602-tms-frontend\vendor\codeigniter4\framework\system\CodeIgniter.php(419): CodeIgniter\CodeIgniter->runController(Object(App\Controllers\UserController))
#7 C:\Users\Ryzen 5\Desktop\frontend\0602-tms-frontend\vendor\codeigniter4\framework\system\CodeIgniter.php(326): CodeIgniter\CodeIgniter->handleRequest(NULL, Object(Config\Cache), false)
#8 C:\Users\Ryzen 5\Desktop\frontend\0602-tms-frontend\public\index.php(37): CodeIgniter\CodeIgniter->run()
#9 C:\Users\Ryzen 5\Desktop\frontend\0602-tms-frontend\vendor\codeigniter4\framework\system\Commands\Server\rewrite.php(43): require_once('C:\\Users\\Ryzen ...')
#10 {main}
