CRITICAL - 2022-04-27 07:08:01 --> include(../components/navbar.php): failed to open stream: No such file or directory
#0 D:\Documents\GitHub\tms-frontend\app\Views\pages\dashboard.php(5): CodeIgniter\Debug\Exceptions->errorHandler(2, 'include(../comp...', 'D:\\Documents\\Gi...', 5, Array)
#1 D:\Documents\GitHub\tms-frontend\app\Views\pages\dashboard.php(5): include()
#2 D:\Documents\GitHub\tms-frontend\vendor\codeigniter4\framework\system\View\View.php(210): include('D:\\Documents\\Gi...')
#3 D:\Documents\GitHub\tms-frontend\vendor\codeigniter4\framework\system\View\View.php(213): CodeIgniter\View\View->CodeIgniter\View\{closure}()
#4 D:\Documents\GitHub\tms-frontend\vendor\codeigniter4\framework\system\Common.php(1089): CodeIgniter\View\View->render('pages/dashboard', Array, true)
#5 D:\Documents\GitHub\tms-frontend\app\Controllers\user_controller.php(82): view('pages/dashboard', Array)
#6 D:\Documents\GitHub\tms-frontend\vendor\codeigniter4\framework\system\CodeIgniter.php(832): App\Controllers\user_controller->dashboard()
#7 D:\Documents\GitHub\tms-frontend\vendor\codeigniter4\framework\system\CodeIgniter.php(419): CodeIgniter\CodeIgniter->runController(Object(App\Controllers\user_controller))
#8 D:\Documents\GitHub\tms-frontend\vendor\codeigniter4\framework\system\CodeIgniter.php(326): CodeIgniter\CodeIgniter->handleRequest(NULL, Object(Config\Cache), false)
#9 D:\Documents\GitHub\tms-frontend\public\index.php(37): CodeIgniter\CodeIgniter->run()
#10 D:\Documents\GitHub\tms-frontend\vendor\codeigniter4\framework\system\Commands\Server\rewrite.php(43): require_once('D:\\Documents\\Gi...')
#11 {main}
CRITICAL - 2022-04-27 07:08:21 --> include(../components/navbar.php): failed to open stream: No such file or directory
#0 D:\Documents\GitHub\tms-frontend\app\Views\pages\dashboard.php(5): CodeIgniter\Debug\Exceptions->errorHandler(2, 'include(../comp...', 'D:\\Documents\\Gi...', 5, Array)
#1 D:\Documents\GitHub\tms-frontend\app\Views\pages\dashboard.php(5): include()
#2 D:\Documents\GitHub\tms-frontend\vendor\codeigniter4\framework\system\View\View.php(210): include('D:\\Documents\\Gi...')
#3 D:\Documents\GitHub\tms-frontend\vendor\codeigniter4\framework\system\View\View.php(213): CodeIgniter\View\View->CodeIgniter\View\{closure}()
#4 D:\Documents\GitHub\tms-frontend\vendor\codeigniter4\framework\system\Common.php(1089): CodeIgniter\View\View->render('pages/dashboard', Array, true)
#5 D:\Documents\GitHub\tms-frontend\app\Controllers\user_controller.php(82): view('pages/dashboard', Array)
#6 D:\Documents\GitHub\tms-frontend\vendor\codeigniter4\framework\system\CodeIgniter.php(832): App\Controllers\user_controller->dashboard()
#7 D:\Documents\GitHub\tms-frontend\vendor\codeigniter4\framework\system\CodeIgniter.php(419): CodeIgniter\CodeIgniter->runController(Object(App\Controllers\user_controller))
#8 D:\Documents\GitHub\tms-frontend\vendor\codeigniter4\framework\system\CodeIgniter.php(326): CodeIgniter\CodeIgniter->handleRequest(NULL, Object(Config\Cache), false)
#9 D:\Documents\GitHub\tms-frontend\public\index.php(37): CodeIgniter\CodeIgniter->run()
#10 D:\Documents\GitHub\tms-frontend\vendor\codeigniter4\framework\system\Commands\Server\rewrite.php(43): require_once('D:\\Documents\\Gi...')
#11 {main}
CRITICAL - 2022-04-27 07:14:36 --> Cannot declare class App\Controllers\Ticket, because the name is already in use
#0 [internal function]: CodeIgniter\Debug\Exceptions->shutdownHandler()
#1 {main}
CRITICAL - 2022-04-27 07:27:27 --> include(../components/navbar.php): failed to open stream: No such file or directory
#0 D:\Documents\GitHub\tms-frontend\app\Views\pages\newticket.php(1): CodeIgniter\Debug\Exceptions->errorHandler(2, 'include(../comp...', 'D:\\Documents\\Gi...', 1, Array)
#1 D:\Documents\GitHub\tms-frontend\app\Views\pages\newticket.php(1): include()
#2 D:\Documents\GitHub\tms-frontend\vendor\codeigniter4\framework\system\View\View.php(210): include('D:\\Documents\\Gi...')
#3 D:\Documents\GitHub\tms-frontend\vendor\codeigniter4\framework\system\View\View.php(213): CodeIgniter\View\View->CodeIgniter\View\{closure}()
#4 D:\Documents\GitHub\tms-frontend\vendor\codeigniter4\framework\system\Common.php(1089): CodeIgniter\View\View->render('pages/newticket', Array, true)
#5 D:\Documents\GitHub\tms-frontend\app\Controllers\NewTicket.php(20): view('pages/newticket')
#6 D:\Documents\GitHub\tms-frontend\vendor\codeigniter4\framework\system\CodeIgniter.php(832): App\Controllers\NewTicket->newticket()
#7 D:\Documents\GitHub\tms-frontend\vendor\codeigniter4\framework\system\CodeIgniter.php(419): CodeIgniter\CodeIgniter->runController(Object(App\Controllers\NewTicket))
#8 D:\Documents\GitHub\tms-frontend\vendor\codeigniter4\framework\system\CodeIgniter.php(326): CodeIgniter\CodeIgniter->handleRequest(NULL, Object(Config\Cache), false)
#9 D:\Documents\GitHub\tms-frontend\public\index.php(37): CodeIgniter\CodeIgniter->run()
#10 D:\Documents\GitHub\tms-frontend\vendor\codeigniter4\framework\system\Commands\Server\rewrite.php(43): require_once('D:\\Documents\\Gi...')
#11 {main}
CRITICAL - 2022-04-27 07:31:09 --> include(APPPATH/Views/components/navbar.php): failed to open stream: No such file or directory
#0 D:\Documents\GitHub\tms-frontend\app\Views\pages\newticket.php(1): CodeIgniter\Debug\Exceptions->errorHandler(2, 'include(APPPATH...', 'D:\\Documents\\Gi...', 1, Array)
#1 D:\Documents\GitHub\tms-frontend\app\Views\pages\newticket.php(1): include()
#2 D:\Documents\GitHub\tms-frontend\vendor\codeigniter4\framework\system\View\View.php(210): include('D:\\Documents\\Gi...')
#3 D:\Documents\GitHub\tms-frontend\vendor\codeigniter4\framework\system\View\View.php(213): CodeIgniter\View\View->CodeIgniter\View\{closure}()
#4 D:\Documents\GitHub\tms-frontend\vendor\codeigniter4\framework\system\Common.php(1089): CodeIgniter\View\View->render('pages/newticket', Array, true)
#5 D:\Documents\GitHub\tms-frontend\app\Controllers\NewTicket.php(20): view('pages/newticket')
#6 D:\Documents\GitHub\tms-frontend\vendor\codeigniter4\framework\system\CodeIgniter.php(832): App\Controllers\NewTicket->newticket()
#7 D:\Documents\GitHub\tms-frontend\vendor\codeigniter4\framework\system\CodeIgniter.php(419): CodeIgniter\CodeIgniter->runController(Object(App\Controllers\NewTicket))
#8 D:\Documents\GitHub\tms-frontend\vendor\codeigniter4\framework\system\CodeIgniter.php(326): CodeIgniter\CodeIgniter->handleRequest(NULL, Object(Config\Cache), false)
#9 D:\Documents\GitHub\tms-frontend\public\index.php(37): CodeIgniter\CodeIgniter->run()
#10 D:\Documents\GitHub\tms-frontend\vendor\codeigniter4\framework\system\Commands\Server\rewrite.php(43): require_once('D:\\Documents\\Gi...')
#11 {main}
CRITICAL - 2022-04-27 07:53:49 --> Undefined variable: page
#0 D:\Documents\GitHub\tms-frontend\app\Views\templates\header.php(10): CodeIgniter\Debug\Exceptions->errorHandler(8, 'Undefined varia...', 'D:\\Documents\\Gi...', 10, Array)
#1 D:\Documents\GitHub\tms-frontend\vendor\codeigniter4\framework\system\View\View.php(210): include('D:\\Documents\\Gi...')
#2 D:\Documents\GitHub\tms-frontend\vendor\codeigniter4\framework\system\View\View.php(213): CodeIgniter\View\View->CodeIgniter\View\{closure}()
#3 D:\Documents\GitHub\tms-frontend\vendor\codeigniter4\framework\system\Common.php(1089): CodeIgniter\View\View->render('templates/heade...', Array, true)
#4 D:\Documents\GitHub\tms-frontend\app\Controllers\NewTicket.php(19): view('templates/heade...')
#5 D:\Documents\GitHub\tms-frontend\vendor\codeigniter4\framework\system\CodeIgniter.php(832): App\Controllers\NewTicket->newticket()
#6 D:\Documents\GitHub\tms-frontend\vendor\codeigniter4\framework\system\CodeIgniter.php(419): CodeIgniter\CodeIgniter->runController(Object(App\Controllers\NewTicket))
#7 D:\Documents\GitHub\tms-frontend\vendor\codeigniter4\framework\system\CodeIgniter.php(326): CodeIgniter\CodeIgniter->handleRequest(NULL, Object(Config\Cache), false)
#8 D:\Documents\GitHub\tms-frontend\public\index.php(37): CodeIgniter\CodeIgniter->run()
#9 D:\Documents\GitHub\tms-frontend\vendor\codeigniter4\framework\system\Commands\Server\rewrite.php(43): require_once('D:\\Documents\\Gi...')
#10 {main}
CRITICAL - 2022-04-27 07:54:51 --> Undefined variable: page
#0 D:\Documents\GitHub\tms-frontend\app\Views\templates\header.php(10): CodeIgniter\Debug\Exceptions->errorHandler(8, 'Undefined varia...', 'D:\\Documents\\Gi...', 10, Array)
#1 D:\Documents\GitHub\tms-frontend\vendor\codeigniter4\framework\system\View\View.php(210): include('D:\\Documents\\Gi...')
#2 D:\Documents\GitHub\tms-frontend\vendor\codeigniter4\framework\system\View\View.php(213): CodeIgniter\View\View->CodeIgniter\View\{closure}()
#3 D:\Documents\GitHub\tms-frontend\vendor\codeigniter4\framework\system\Common.php(1089): CodeIgniter\View\View->render('templates/heade...', Array, true)
#4 D:\Documents\GitHub\tms-frontend\app\Controllers\NewTicket.php(19): view('templates/heade...')
#5 D:\Documents\GitHub\tms-frontend\vendor\codeigniter4\framework\system\CodeIgniter.php(832): App\Controllers\NewTicket->newticket()
#6 D:\Documents\GitHub\tms-frontend\vendor\codeigniter4\framework\system\CodeIgniter.php(419): CodeIgniter\CodeIgniter->runController(Object(App\Controllers\NewTicket))
#7 D:\Documents\GitHub\tms-frontend\vendor\codeigniter4\framework\system\CodeIgniter.php(326): CodeIgniter\CodeIgniter->handleRequest(NULL, Object(Config\Cache), false)
#8 D:\Documents\GitHub\tms-frontend\public\index.php(37): CodeIgniter\CodeIgniter->run()
#9 D:\Documents\GitHub\tms-frontend\vendor\codeigniter4\framework\system\Commands\Server\rewrite.php(43): require_once('D:\\Documents\\Gi...')
#10 {main}
