CRITICAL - 2022-05-10 03:16:37 --> Undefined index: id
#0 D:\Desktop\tms-frontend\app\Views\templates\footer.php(660): CodeIgniter\Debug\Exceptions->errorHandler(8, 'Undefined index...', 'D:\\Desktop\\tms-...', 660, Array)
#1 D:\Desktop\tms-frontend\vendor\codeigniter4\framework\system\View\View.php(210): include('D:\\Desktop\\tms-...')
#2 D:\Desktop\tms-frontend\vendor\codeigniter4\framework\system\View\View.php(213): CodeIgniter\View\View->CodeIgniter\View\{closure}()
#3 D:\Desktop\tms-frontend\vendor\codeigniter4\framework\system\Common.php(1089): CodeIgniter\View\View->render('templates/foote...', Array, true)
#4 D:\Desktop\tms-frontend\app\Controllers\Tickets.php(58): view('templates/foote...', Array)
#5 D:\Desktop\tms-frontend\vendor\codeigniter4\framework\system\CodeIgniter.php(832): App\Controllers\Tickets->viewticket()
#6 D:\Desktop\tms-frontend\vendor\codeigniter4\framework\system\CodeIgniter.php(419): CodeIgniter\CodeIgniter->runController(Object(App\Controllers\Tickets))
#7 D:\Desktop\tms-frontend\vendor\codeigniter4\framework\system\CodeIgniter.php(326): CodeIgniter\CodeIgniter->handleRequest(NULL, Object(Config\Cache), false)
#8 D:\Desktop\tms-frontend\public\index.php(37): CodeIgniter\CodeIgniter->run()
#9 D:\Desktop\tms-frontend\vendor\codeigniter4\framework\system\Commands\Server\rewrite.php(43): require_once('D:\\Desktop\\tms-...')
#10 {main}
CRITICAL - 2022-05-10 03:17:22 --> Undefined index: id
#0 D:\Desktop\tms-frontend\app\Views\templates\footer.php(660): CodeIgniter\Debug\Exceptions->errorHandler(8, 'Undefined index...', 'D:\\Desktop\\tms-...', 660, Array)
#1 D:\Desktop\tms-frontend\vendor\codeigniter4\framework\system\View\View.php(210): include('D:\\Desktop\\tms-...')
#2 D:\Desktop\tms-frontend\vendor\codeigniter4\framework\system\View\View.php(213): CodeIgniter\View\View->CodeIgniter\View\{closure}()
#3 D:\Desktop\tms-frontend\vendor\codeigniter4\framework\system\Common.php(1089): CodeIgniter\View\View->render('templates/foote...', Array, true)
#4 D:\Desktop\tms-frontend\app\Controllers\Tickets.php(58): view('templates/foote...', Array)
#5 D:\Desktop\tms-frontend\vendor\codeigniter4\framework\system\CodeIgniter.php(832): App\Controllers\Tickets->viewticket()
#6 D:\Desktop\tms-frontend\vendor\codeigniter4\framework\system\CodeIgniter.php(419): CodeIgniter\CodeIgniter->runController(Object(App\Controllers\Tickets))
#7 D:\Desktop\tms-frontend\vendor\codeigniter4\framework\system\CodeIgniter.php(326): CodeIgniter\CodeIgniter->handleRequest(NULL, Object(Config\Cache), false)
#8 D:\Desktop\tms-frontend\public\index.php(37): CodeIgniter\CodeIgniter->run()
#9 D:\Desktop\tms-frontend\vendor\codeigniter4\framework\system\Commands\Server\rewrite.php(43): require_once('D:\\Desktop\\tms-...')
#10 {main}
CRITICAL - 2022-05-10 03:17:55 --> Undefined index: id
#0 D:\Desktop\tms-frontend\app\Views\templates\footer.php(660): CodeIgniter\Debug\Exceptions->errorHandler(8, 'Undefined index...', 'D:\\Desktop\\tms-...', 660, Array)
#1 D:\Desktop\tms-frontend\vendor\codeigniter4\framework\system\View\View.php(210): include('D:\\Desktop\\tms-...')
#2 D:\Desktop\tms-frontend\vendor\codeigniter4\framework\system\View\View.php(213): CodeIgniter\View\View->CodeIgniter\View\{closure}()
#3 D:\Desktop\tms-frontend\vendor\codeigniter4\framework\system\Common.php(1089): CodeIgniter\View\View->render('templates/foote...', Array, true)
#4 D:\Desktop\tms-frontend\app\Controllers\Tickets.php(58): view('templates/foote...', Array)
#5 D:\Desktop\tms-frontend\vendor\codeigniter4\framework\system\CodeIgniter.php(832): App\Controllers\Tickets->viewticket()
#6 D:\Desktop\tms-frontend\vendor\codeigniter4\framework\system\CodeIgniter.php(419): CodeIgniter\CodeIgniter->runController(Object(App\Controllers\Tickets))
#7 D:\Desktop\tms-frontend\vendor\codeigniter4\framework\system\CodeIgniter.php(326): CodeIgniter\CodeIgniter->handleRequest(NULL, Object(Config\Cache), false)
#8 D:\Desktop\tms-frontend\public\index.php(37): CodeIgniter\CodeIgniter->run()
#9 D:\Desktop\tms-frontend\vendor\codeigniter4\framework\system\Commands\Server\rewrite.php(43): require_once('D:\\Desktop\\tms-...')
#10 {main}
CRITICAL - 2022-05-10 03:18:21 --> Undefined index: id
#0 D:\Desktop\tms-frontend\app\Views\templates\footer.php(660): CodeIgniter\Debug\Exceptions->errorHandler(8, 'Undefined index...', 'D:\\Desktop\\tms-...', 660, Array)
#1 D:\Desktop\tms-frontend\vendor\codeigniter4\framework\system\View\View.php(210): include('D:\\Desktop\\tms-...')
#2 D:\Desktop\tms-frontend\vendor\codeigniter4\framework\system\View\View.php(213): CodeIgniter\View\View->CodeIgniter\View\{closure}()
#3 D:\Desktop\tms-frontend\vendor\codeigniter4\framework\system\Common.php(1089): CodeIgniter\View\View->render('templates/foote...', Array, true)
#4 D:\Desktop\tms-frontend\app\Controllers\Tickets.php(58): view('templates/foote...', Array)
#5 D:\Desktop\tms-frontend\vendor\codeigniter4\framework\system\CodeIgniter.php(832): App\Controllers\Tickets->viewticket()
#6 D:\Desktop\tms-frontend\vendor\codeigniter4\framework\system\CodeIgniter.php(419): CodeIgniter\CodeIgniter->runController(Object(App\Controllers\Tickets))
#7 D:\Desktop\tms-frontend\vendor\codeigniter4\framework\system\CodeIgniter.php(326): CodeIgniter\CodeIgniter->handleRequest(NULL, Object(Config\Cache), false)
#8 D:\Desktop\tms-frontend\public\index.php(37): CodeIgniter\CodeIgniter->run()
#9 D:\Desktop\tms-frontend\vendor\codeigniter4\framework\system\Commands\Server\rewrite.php(43): require_once('D:\\Desktop\\tms-...')
#10 {main}
CRITICAL - 2022-05-10 03:18:27 --> Undefined index: id
#0 D:\Desktop\tms-frontend\app\Views\templates\footer.php(660): CodeIgniter\Debug\Exceptions->errorHandler(8, 'Undefined index...', 'D:\\Desktop\\tms-...', 660, Array)
#1 D:\Desktop\tms-frontend\vendor\codeigniter4\framework\system\View\View.php(210): include('D:\\Desktop\\tms-...')
#2 D:\Desktop\tms-frontend\vendor\codeigniter4\framework\system\View\View.php(213): CodeIgniter\View\View->CodeIgniter\View\{closure}()
#3 D:\Desktop\tms-frontend\vendor\codeigniter4\framework\system\Common.php(1089): CodeIgniter\View\View->render('templates/foote...', Array, true)
#4 D:\Desktop\tms-frontend\app\Controllers\Tickets.php(58): view('templates/foote...', Array)
#5 D:\Desktop\tms-frontend\vendor\codeigniter4\framework\system\CodeIgniter.php(832): App\Controllers\Tickets->viewticket()
#6 D:\Desktop\tms-frontend\vendor\codeigniter4\framework\system\CodeIgniter.php(419): CodeIgniter\CodeIgniter->runController(Object(App\Controllers\Tickets))
#7 D:\Desktop\tms-frontend\vendor\codeigniter4\framework\system\CodeIgniter.php(326): CodeIgniter\CodeIgniter->handleRequest(NULL, Object(Config\Cache), false)
#8 D:\Desktop\tms-frontend\public\index.php(37): CodeIgniter\CodeIgniter->run()
#9 D:\Desktop\tms-frontend\vendor\codeigniter4\framework\system\Commands\Server\rewrite.php(43): require_once('D:\\Desktop\\tms-...')
#10 {main}
CRITICAL - 2022-05-10 03:18:50 --> Undefined index: id
#0 D:\Desktop\tms-frontend\app\Views\templates\footer.php(660): CodeIgniter\Debug\Exceptions->errorHandler(8, 'Undefined index...', 'D:\\Desktop\\tms-...', 660, Array)
#1 D:\Desktop\tms-frontend\vendor\codeigniter4\framework\system\View\View.php(210): include('D:\\Desktop\\tms-...')
#2 D:\Desktop\tms-frontend\vendor\codeigniter4\framework\system\View\View.php(213): CodeIgniter\View\View->CodeIgniter\View\{closure}()
#3 D:\Desktop\tms-frontend\vendor\codeigniter4\framework\system\Common.php(1089): CodeIgniter\View\View->render('templates/foote...', Array, true)
#4 D:\Desktop\tms-frontend\app\Controllers\Tickets.php(58): view('templates/foote...', Array)
#5 D:\Desktop\tms-frontend\vendor\codeigniter4\framework\system\CodeIgniter.php(832): App\Controllers\Tickets->viewticket()
#6 D:\Desktop\tms-frontend\vendor\codeigniter4\framework\system\CodeIgniter.php(419): CodeIgniter\CodeIgniter->runController(Object(App\Controllers\Tickets))
#7 D:\Desktop\tms-frontend\vendor\codeigniter4\framework\system\CodeIgniter.php(326): CodeIgniter\CodeIgniter->handleRequest(NULL, Object(Config\Cache), false)
#8 D:\Desktop\tms-frontend\public\index.php(37): CodeIgniter\CodeIgniter->run()
#9 D:\Desktop\tms-frontend\vendor\codeigniter4\framework\system\Commands\Server\rewrite.php(43): require_once('D:\\Desktop\\tms-...')
#10 {main}
CRITICAL - 2022-05-10 03:31:56 --> Undefined index: id
#0 D:\Desktop\tms-frontend\app\Views\templates\footer.php(655): CodeIgniter\Debug\Exceptions->errorHandler(8, 'Undefined index...', 'D:\\Desktop\\tms-...', 655, Array)
#1 D:\Desktop\tms-frontend\vendor\codeigniter4\framework\system\View\View.php(210): include('D:\\Desktop\\tms-...')
#2 D:\Desktop\tms-frontend\vendor\codeigniter4\framework\system\View\View.php(213): CodeIgniter\View\View->CodeIgniter\View\{closure}()
#3 D:\Desktop\tms-frontend\vendor\codeigniter4\framework\system\Common.php(1089): CodeIgniter\View\View->render('templates/foote...', Array, true)
#4 D:\Desktop\tms-frontend\app\Controllers\Tickets.php(58): view('templates/foote...', Array)
#5 D:\Desktop\tms-frontend\vendor\codeigniter4\framework\system\CodeIgniter.php(832): App\Controllers\Tickets->viewticket()
#6 D:\Desktop\tms-frontend\vendor\codeigniter4\framework\system\CodeIgniter.php(419): CodeIgniter\CodeIgniter->runController(Object(App\Controllers\Tickets))
#7 D:\Desktop\tms-frontend\vendor\codeigniter4\framework\system\CodeIgniter.php(326): CodeIgniter\CodeIgniter->handleRequest(NULL, Object(Config\Cache), false)
#8 D:\Desktop\tms-frontend\public\index.php(37): CodeIgniter\CodeIgniter->run()
#9 D:\Desktop\tms-frontend\vendor\codeigniter4\framework\system\Commands\Server\rewrite.php(43): require_once('D:\\Desktop\\tms-...')
#10 {main}
CRITICAL - 2022-05-10 03:32:17 --> Undefined index: id
#0 D:\Desktop\tms-frontend\app\Views\templates\footer.php(660): CodeIgniter\Debug\Exceptions->errorHandler(8, 'Undefined index...', 'D:\\Desktop\\tms-...', 660, Array)
#1 D:\Desktop\tms-frontend\vendor\codeigniter4\framework\system\View\View.php(210): include('D:\\Desktop\\tms-...')
#2 D:\Desktop\tms-frontend\vendor\codeigniter4\framework\system\View\View.php(213): CodeIgniter\View\View->CodeIgniter\View\{closure}()
#3 D:\Desktop\tms-frontend\vendor\codeigniter4\framework\system\Common.php(1089): CodeIgniter\View\View->render('templates/foote...', Array, true)
#4 D:\Desktop\tms-frontend\app\Controllers\Tickets.php(58): view('templates/foote...', Array)
#5 D:\Desktop\tms-frontend\vendor\codeigniter4\framework\system\CodeIgniter.php(832): App\Controllers\Tickets->viewticket()
#6 D:\Desktop\tms-frontend\vendor\codeigniter4\framework\system\CodeIgniter.php(419): CodeIgniter\CodeIgniter->runController(Object(App\Controllers\Tickets))
#7 D:\Desktop\tms-frontend\vendor\codeigniter4\framework\system\CodeIgniter.php(326): CodeIgniter\CodeIgniter->handleRequest(NULL, Object(Config\Cache), false)
#8 D:\Desktop\tms-frontend\public\index.php(37): CodeIgniter\CodeIgniter->run()
#9 D:\Desktop\tms-frontend\vendor\codeigniter4\framework\system\Commands\Server\rewrite.php(43): require_once('D:\\Desktop\\tms-...')
#10 {main}
