CRITICAL - 2022-05-22 07:47:32 --> include(../script/login.php): Failed to open stream: No such file or directory
#0 C:\Users\Ryzen 5\Desktop\frontend\051922-tms-frontend\app\Views\templates\footer.php(22): CodeIgniter\Debug\Exceptions->errorHandler(2, 'include(../scri...', 'C:\\Users\\Ryzen ...', 22)
#1 C:\Users\Ryzen 5\Desktop\frontend\051922-tms-frontend\app\Views\templates\footer.php(22): include()
#2 C:\Users\Ryzen 5\Desktop\frontend\051922-tms-frontend\vendor\codeigniter4\framework\system\View\View.php(210): include('C:\\Users\\Ryzen ...')
#3 C:\Users\Ryzen 5\Desktop\frontend\051922-tms-frontend\vendor\codeigniter4\framework\system\View\View.php(213): CodeIgniter\View\View->CodeIgniter\View\{closure}()
#4 C:\Users\Ryzen 5\Desktop\frontend\051922-tms-frontend\vendor\codeigniter4\framework\system\Common.php(1089): CodeIgniter\View\View->render('templates/foote...', Array, true)
#5 C:\Users\Ryzen 5\Desktop\frontend\051922-tms-frontend\app\Controllers\UserController.php(35): view('templates/foote...')
#6 C:\Users\Ryzen 5\Desktop\frontend\051922-tms-frontend\vendor\codeigniter4\framework\system\CodeIgniter.php(832): App\Controllers\UserController->index()
#7 C:\Users\Ryzen 5\Desktop\frontend\051922-tms-frontend\vendor\codeigniter4\framework\system\CodeIgniter.php(419): CodeIgniter\CodeIgniter->runController(Object(App\Controllers\UserController))
#8 C:\Users\Ryzen 5\Desktop\frontend\051922-tms-frontend\vendor\codeigniter4\framework\system\CodeIgniter.php(326): CodeIgniter\CodeIgniter->handleRequest(NULL, Object(Config\Cache), false)
#9 C:\Users\Ryzen 5\Desktop\frontend\051922-tms-frontend\public\index.php(37): CodeIgniter\CodeIgniter->run()
#10 C:\Users\Ryzen 5\Desktop\frontend\051922-tms-frontend\vendor\codeigniter4\framework\system\Commands\Server\rewrite.php(43): require_once('C:\\Users\\Ryzen ...')
#11 {main}
CRITICAL - 2022-05-22 07:48:00 --> include(script/login.php): Failed to open stream: No such file or directory
#0 C:\Users\Ryzen 5\Desktop\frontend\051922-tms-frontend\app\Views\templates\footer.php(22): CodeIgniter\Debug\Exceptions->errorHandler(2, 'include(script/...', 'C:\\Users\\Ryzen ...', 22)
#1 C:\Users\Ryzen 5\Desktop\frontend\051922-tms-frontend\app\Views\templates\footer.php(22): include()
#2 C:\Users\Ryzen 5\Desktop\frontend\051922-tms-frontend\vendor\codeigniter4\framework\system\View\View.php(210): include('C:\\Users\\Ryzen ...')
#3 C:\Users\Ryzen 5\Desktop\frontend\051922-tms-frontend\vendor\codeigniter4\framework\system\View\View.php(213): CodeIgniter\View\View->CodeIgniter\View\{closure}()
#4 C:\Users\Ryzen 5\Desktop\frontend\051922-tms-frontend\vendor\codeigniter4\framework\system\Common.php(1089): CodeIgniter\View\View->render('templates/foote...', Array, true)
#5 C:\Users\Ryzen 5\Desktop\frontend\051922-tms-frontend\app\Controllers\UserController.php(35): view('templates/foote...')
#6 C:\Users\Ryzen 5\Desktop\frontend\051922-tms-frontend\vendor\codeigniter4\framework\system\CodeIgniter.php(832): App\Controllers\UserController->index()
#7 C:\Users\Ryzen 5\Desktop\frontend\051922-tms-frontend\vendor\codeigniter4\framework\system\CodeIgniter.php(419): CodeIgniter\CodeIgniter->runController(Object(App\Controllers\UserController))
#8 C:\Users\Ryzen 5\Desktop\frontend\051922-tms-frontend\vendor\codeigniter4\framework\system\CodeIgniter.php(326): CodeIgniter\CodeIgniter->handleRequest(NULL, Object(Config\Cache), false)
#9 C:\Users\Ryzen 5\Desktop\frontend\051922-tms-frontend\public\index.php(37): CodeIgniter\CodeIgniter->run()
#10 C:\Users\Ryzen 5\Desktop\frontend\051922-tms-frontend\vendor\codeigniter4\framework\system\Commands\Server\rewrite.php(43): require_once('C:\\Users\\Ryzen ...')
#11 {main}
CRITICAL - 2022-05-22 07:48:24 --> include(../login.php): Failed to open stream: No such file or directory
#0 C:\Users\Ryzen 5\Desktop\frontend\051922-tms-frontend\app\Views\templates\footer.php(22): CodeIgniter\Debug\Exceptions->errorHandler(2, 'include(../logi...', 'C:\\Users\\Ryzen ...', 22)
#1 C:\Users\Ryzen 5\Desktop\frontend\051922-tms-frontend\app\Views\templates\footer.php(22): include()
#2 C:\Users\Ryzen 5\Desktop\frontend\051922-tms-frontend\vendor\codeigniter4\framework\system\View\View.php(210): include('C:\\Users\\Ryzen ...')
#3 C:\Users\Ryzen 5\Desktop\frontend\051922-tms-frontend\vendor\codeigniter4\framework\system\View\View.php(213): CodeIgniter\View\View->CodeIgniter\View\{closure}()
#4 C:\Users\Ryzen 5\Desktop\frontend\051922-tms-frontend\vendor\codeigniter4\framework\system\Common.php(1089): CodeIgniter\View\View->render('templates/foote...', Array, true)
#5 C:\Users\Ryzen 5\Desktop\frontend\051922-tms-frontend\app\Controllers\UserController.php(35): view('templates/foote...')
#6 C:\Users\Ryzen 5\Desktop\frontend\051922-tms-frontend\vendor\codeigniter4\framework\system\CodeIgniter.php(832): App\Controllers\UserController->index()
#7 C:\Users\Ryzen 5\Desktop\frontend\051922-tms-frontend\vendor\codeigniter4\framework\system\CodeIgniter.php(419): CodeIgniter\CodeIgniter->runController(Object(App\Controllers\UserController))
#8 C:\Users\Ryzen 5\Desktop\frontend\051922-tms-frontend\vendor\codeigniter4\framework\system\CodeIgniter.php(326): CodeIgniter\CodeIgniter->handleRequest(NULL, Object(Config\Cache), false)
#9 C:\Users\Ryzen 5\Desktop\frontend\051922-tms-frontend\public\index.php(37): CodeIgniter\CodeIgniter->run()
#10 C:\Users\Ryzen 5\Desktop\frontend\051922-tms-frontend\vendor\codeigniter4\framework\system\Commands\Server\rewrite.php(43): require_once('C:\\Users\\Ryzen ...')
#11 {main}
CRITICAL - 2022-05-22 07:49:03 --> include(../script/login.php): Failed to open stream: No such file or directory
#0 C:\Users\Ryzen 5\Desktop\frontend\051922-tms-frontend\app\Views\templates\footer.php(21): CodeIgniter\Debug\Exceptions->errorHandler(2, 'include(../scri...', 'C:\\Users\\Ryzen ...', 21)
#1 C:\Users\Ryzen 5\Desktop\frontend\051922-tms-frontend\app\Views\templates\footer.php(21): include()
#2 C:\Users\Ryzen 5\Desktop\frontend\051922-tms-frontend\vendor\codeigniter4\framework\system\View\View.php(210): include('C:\\Users\\Ryzen ...')
#3 C:\Users\Ryzen 5\Desktop\frontend\051922-tms-frontend\vendor\codeigniter4\framework\system\View\View.php(213): CodeIgniter\View\View->CodeIgniter\View\{closure}()
#4 C:\Users\Ryzen 5\Desktop\frontend\051922-tms-frontend\vendor\codeigniter4\framework\system\Common.php(1089): CodeIgniter\View\View->render('templates/foote...', Array, true)
#5 C:\Users\Ryzen 5\Desktop\frontend\051922-tms-frontend\app\Controllers\UserController.php(35): view('templates/foote...')
#6 C:\Users\Ryzen 5\Desktop\frontend\051922-tms-frontend\vendor\codeigniter4\framework\system\CodeIgniter.php(832): App\Controllers\UserController->index()
#7 C:\Users\Ryzen 5\Desktop\frontend\051922-tms-frontend\vendor\codeigniter4\framework\system\CodeIgniter.php(419): CodeIgniter\CodeIgniter->runController(Object(App\Controllers\UserController))
#8 C:\Users\Ryzen 5\Desktop\frontend\051922-tms-frontend\vendor\codeigniter4\framework\system\CodeIgniter.php(326): CodeIgniter\CodeIgniter->handleRequest(NULL, Object(Config\Cache), false)
#9 C:\Users\Ryzen 5\Desktop\frontend\051922-tms-frontend\public\index.php(37): CodeIgniter\CodeIgniter->run()
#10 C:\Users\Ryzen 5\Desktop\frontend\051922-tms-frontend\vendor\codeigniter4\framework\system\Commands\Server\rewrite.php(43): require_once('C:\\Users\\Ryzen ...')
#11 {main}
CRITICAL - 2022-05-22 07:49:34 --> include(../script/login.php): Failed to open stream: No such file or directory
#0 C:\Users\Ryzen 5\Desktop\frontend\051922-tms-frontend\app\Views\templates\footer.php(21): CodeIgniter\Debug\Exceptions->errorHandler(2, 'include(../scri...', 'C:\\Users\\Ryzen ...', 21)
#1 C:\Users\Ryzen 5\Desktop\frontend\051922-tms-frontend\app\Views\templates\footer.php(21): include()
#2 C:\Users\Ryzen 5\Desktop\frontend\051922-tms-frontend\vendor\codeigniter4\framework\system\View\View.php(210): include('C:\\Users\\Ryzen ...')
#3 C:\Users\Ryzen 5\Desktop\frontend\051922-tms-frontend\vendor\codeigniter4\framework\system\View\View.php(213): CodeIgniter\View\View->CodeIgniter\View\{closure}()
#4 C:\Users\Ryzen 5\Desktop\frontend\051922-tms-frontend\vendor\codeigniter4\framework\system\Common.php(1089): CodeIgniter\View\View->render('templates/foote...', Array, true)
#5 C:\Users\Ryzen 5\Desktop\frontend\051922-tms-frontend\app\Controllers\UserController.php(35): view('templates/foote...')
#6 C:\Users\Ryzen 5\Desktop\frontend\051922-tms-frontend\vendor\codeigniter4\framework\system\CodeIgniter.php(832): App\Controllers\UserController->index()
#7 C:\Users\Ryzen 5\Desktop\frontend\051922-tms-frontend\vendor\codeigniter4\framework\system\CodeIgniter.php(419): CodeIgniter\CodeIgniter->runController(Object(App\Controllers\UserController))
#8 C:\Users\Ryzen 5\Desktop\frontend\051922-tms-frontend\vendor\codeigniter4\framework\system\CodeIgniter.php(326): CodeIgniter\CodeIgniter->handleRequest(NULL, Object(Config\Cache), false)
#9 C:\Users\Ryzen 5\Desktop\frontend\051922-tms-frontend\public\index.php(37): CodeIgniter\CodeIgniter->run()
#10 C:\Users\Ryzen 5\Desktop\frontend\051922-tms-frontend\vendor\codeigniter4\framework\system\Commands\Server\rewrite.php(43): require_once('C:\\Users\\Ryzen ...')
#11 {main}
CRITICAL - 2022-05-22 07:49:40 --> include(../script/login.php): Failed to open stream: No such file or directory
#0 C:\Users\Ryzen 5\Desktop\frontend\051922-tms-frontend\app\Views\templates\footer.php(21): CodeIgniter\Debug\Exceptions->errorHandler(2, 'include(../scri...', 'C:\\Users\\Ryzen ...', 21)
#1 C:\Users\Ryzen 5\Desktop\frontend\051922-tms-frontend\app\Views\templates\footer.php(21): include()
#2 C:\Users\Ryzen 5\Desktop\frontend\051922-tms-frontend\vendor\codeigniter4\framework\system\View\View.php(210): include('C:\\Users\\Ryzen ...')
#3 C:\Users\Ryzen 5\Desktop\frontend\051922-tms-frontend\vendor\codeigniter4\framework\system\View\View.php(213): CodeIgniter\View\View->CodeIgniter\View\{closure}()
#4 C:\Users\Ryzen 5\Desktop\frontend\051922-tms-frontend\vendor\codeigniter4\framework\system\Common.php(1089): CodeIgniter\View\View->render('templates/foote...', Array, true)
#5 C:\Users\Ryzen 5\Desktop\frontend\051922-tms-frontend\app\Controllers\UserController.php(35): view('templates/foote...')
#6 C:\Users\Ryzen 5\Desktop\frontend\051922-tms-frontend\vendor\codeigniter4\framework\system\CodeIgniter.php(832): App\Controllers\UserController->index()
#7 C:\Users\Ryzen 5\Desktop\frontend\051922-tms-frontend\vendor\codeigniter4\framework\system\CodeIgniter.php(419): CodeIgniter\CodeIgniter->runController(Object(App\Controllers\UserController))
#8 C:\Users\Ryzen 5\Desktop\frontend\051922-tms-frontend\vendor\codeigniter4\framework\system\CodeIgniter.php(326): CodeIgniter\CodeIgniter->handleRequest(NULL, Object(Config\Cache), false)
#9 C:\Users\Ryzen 5\Desktop\frontend\051922-tms-frontend\public\index.php(37): CodeIgniter\CodeIgniter->run()
#10 C:\Users\Ryzen 5\Desktop\frontend\051922-tms-frontend\vendor\codeigniter4\framework\system\Commands\Server\rewrite.php(43): require_once('C:\\Users\\Ryzen ...')
#11 {main}
CRITICAL - 2022-05-22 07:50:05 --> include(../script/login.php): Failed to open stream: No such file or directory
#0 C:\Users\Ryzen 5\Desktop\frontend\051922-tms-frontend\app\Views\pages\login.php(66): CodeIgniter\Debug\Exceptions->errorHandler(2, 'include(../scri...', 'C:\\Users\\Ryzen ...', 66)
#1 C:\Users\Ryzen 5\Desktop\frontend\051922-tms-frontend\app\Views\pages\login.php(66): include()
#2 C:\Users\Ryzen 5\Desktop\frontend\051922-tms-frontend\vendor\codeigniter4\framework\system\View\View.php(210): include('C:\\Users\\Ryzen ...')
#3 C:\Users\Ryzen 5\Desktop\frontend\051922-tms-frontend\vendor\codeigniter4\framework\system\View\View.php(213): CodeIgniter\View\View->CodeIgniter\View\{closure}()
#4 C:\Users\Ryzen 5\Desktop\frontend\051922-tms-frontend\vendor\codeigniter4\framework\system\Common.php(1089): CodeIgniter\View\View->render('pages/login', Array, true)
#5 C:\Users\Ryzen 5\Desktop\frontend\051922-tms-frontend\app\Controllers\UserController.php(34): view('pages/login', Array)
#6 C:\Users\Ryzen 5\Desktop\frontend\051922-tms-frontend\vendor\codeigniter4\framework\system\CodeIgniter.php(832): App\Controllers\UserController->index()
#7 C:\Users\Ryzen 5\Desktop\frontend\051922-tms-frontend\vendor\codeigniter4\framework\system\CodeIgniter.php(419): CodeIgniter\CodeIgniter->runController(Object(App\Controllers\UserController))
#8 C:\Users\Ryzen 5\Desktop\frontend\051922-tms-frontend\vendor\codeigniter4\framework\system\CodeIgniter.php(326): CodeIgniter\CodeIgniter->handleRequest(NULL, Object(Config\Cache), false)
#9 C:\Users\Ryzen 5\Desktop\frontend\051922-tms-frontend\public\index.php(37): CodeIgniter\CodeIgniter->run()
#10 C:\Users\Ryzen 5\Desktop\frontend\051922-tms-frontend\vendor\codeigniter4\framework\system\Commands\Server\rewrite.php(43): require_once('C:\\Users\\Ryzen ...')
#11 {main}
CRITICAL - 2022-05-22 09:09:52 --> syntax error, unexpected variable "$_GET"
#0 C:\Users\Ryzen 5\Desktop\frontend\051922-tms-frontend\vendor\codeigniter4\framework\system\View\View.php(213): CodeIgniter\View\View->CodeIgniter\View\{closure}()
#1 C:\Users\Ryzen 5\Desktop\frontend\051922-tms-frontend\vendor\codeigniter4\framework\system\Common.php(1089): CodeIgniter\View\View->render('pages/report', Array, true)
#2 C:\Users\Ryzen 5\Desktop\frontend\051922-tms-frontend\app\Controllers\ReportController.php(23): view('pages/report', Array)
#3 C:\Users\Ryzen 5\Desktop\frontend\051922-tms-frontend\vendor\codeigniter4\framework\system\CodeIgniter.php(832): App\Controllers\ReportController->report()
#4 C:\Users\Ryzen 5\Desktop\frontend\051922-tms-frontend\vendor\codeigniter4\framework\system\CodeIgniter.php(419): CodeIgniter\CodeIgniter->runController(Object(App\Controllers\ReportController))
#5 C:\Users\Ryzen 5\Desktop\frontend\051922-tms-frontend\vendor\codeigniter4\framework\system\CodeIgniter.php(326): CodeIgniter\CodeIgniter->handleRequest(NULL, Object(Config\Cache), false)
#6 C:\Users\Ryzen 5\Desktop\frontend\051922-tms-frontend\public\index.php(37): CodeIgniter\CodeIgniter->run()
#7 C:\Users\Ryzen 5\Desktop\frontend\051922-tms-frontend\vendor\codeigniter4\framework\system\Commands\Server\rewrite.php(43): require_once('C:\\Users\\Ryzen ...')
#8 {main}
CRITICAL - 2022-05-22 10:59:23 --> syntax error, unexpected token ")"
#0 C:\Users\Ryzen 5\Desktop\frontend\051922-tms-frontend\vendor\codeigniter4\framework\system\View\View.php(213): CodeIgniter\View\View->CodeIgniter\View\{closure}()
#1 C:\Users\Ryzen 5\Desktop\frontend\051922-tms-frontend\vendor\codeigniter4\framework\system\Common.php(1089): CodeIgniter\View\View->render('script/report', Array, true)
#2 C:\Users\Ryzen 5\Desktop\frontend\051922-tms-frontend\app\Controllers\ReportController.php(25): view('script/report', Array)
#3 C:\Users\Ryzen 5\Desktop\frontend\051922-tms-frontend\vendor\codeigniter4\framework\system\CodeIgniter.php(832): App\Controllers\ReportController->report()
#4 C:\Users\Ryzen 5\Desktop\frontend\051922-tms-frontend\vendor\codeigniter4\framework\system\CodeIgniter.php(419): CodeIgniter\CodeIgniter->runController(Object(App\Controllers\ReportController))
#5 C:\Users\Ryzen 5\Desktop\frontend\051922-tms-frontend\vendor\codeigniter4\framework\system\CodeIgniter.php(326): CodeIgniter\CodeIgniter->handleRequest(NULL, Object(Config\Cache), false)
#6 C:\Users\Ryzen 5\Desktop\frontend\051922-tms-frontend\public\index.php(37): CodeIgniter\CodeIgniter->run()
#7 C:\Users\Ryzen 5\Desktop\frontend\051922-tms-frontend\vendor\codeigniter4\framework\system\Commands\Server\rewrite.php(43): require_once('C:\\Users\\Ryzen ...')
#8 {main}
CRITICAL - 2022-05-22 10:59:33 --> syntax error, unexpected token ")"
#0 C:\Users\Ryzen 5\Desktop\frontend\051922-tms-frontend\vendor\codeigniter4\framework\system\View\View.php(213): CodeIgniter\View\View->CodeIgniter\View\{closure}()
#1 C:\Users\Ryzen 5\Desktop\frontend\051922-tms-frontend\vendor\codeigniter4\framework\system\Common.php(1089): CodeIgniter\View\View->render('script/report', Array, true)
#2 C:\Users\Ryzen 5\Desktop\frontend\051922-tms-frontend\app\Controllers\ReportController.php(25): view('script/report', Array)
#3 C:\Users\Ryzen 5\Desktop\frontend\051922-tms-frontend\vendor\codeigniter4\framework\system\CodeIgniter.php(832): App\Controllers\ReportController->report()
#4 C:\Users\Ryzen 5\Desktop\frontend\051922-tms-frontend\vendor\codeigniter4\framework\system\CodeIgniter.php(419): CodeIgniter\CodeIgniter->runController(Object(App\Controllers\ReportController))
#5 C:\Users\Ryzen 5\Desktop\frontend\051922-tms-frontend\vendor\codeigniter4\framework\system\CodeIgniter.php(326): CodeIgniter\CodeIgniter->handleRequest(NULL, Object(Config\Cache), false)
#6 C:\Users\Ryzen 5\Desktop\frontend\051922-tms-frontend\public\index.php(37): CodeIgniter\CodeIgniter->run()
#7 C:\Users\Ryzen 5\Desktop\frontend\051922-tms-frontend\vendor\codeigniter4\framework\system\Commands\Server\rewrite.php(43): require_once('C:\\Users\\Ryzen ...')
#8 {main}
