CRITICAL - 2022-06-01 20:20:45 --> Undefined index: role
#0 D:\Desktop\Untitled folder\05-26-tms-frontend\app\Views\pages\tickets.php(36): CodeIgniter\Debug\Exceptions->errorHandler(8, 'Undefined index...', 'D:\\Desktop\\Unti...', 36, Array)
#1 D:\Desktop\Untitled folder\05-26-tms-frontend\vendor\codeigniter4\framework\system\View\View.php(210): include('D:\\Desktop\\Unti...')
#2 D:\Desktop\Untitled folder\05-26-tms-frontend\vendor\codeigniter4\framework\system\View\View.php(213): CodeIgniter\View\View->CodeIgniter\View\{closure}()
#3 D:\Desktop\Untitled folder\05-26-tms-frontend\vendor\codeigniter4\framework\system\Common.php(1089): CodeIgniter\View\View->render('pages/tickets', Array, true)
#4 D:\Desktop\Untitled folder\05-26-tms-frontend\app\Controllers\Tickets.php(21): view('pages/tickets')
#5 D:\Desktop\Untitled folder\05-26-tms-frontend\vendor\codeigniter4\framework\system\CodeIgniter.php(832): App\Controllers\Tickets->tickets()
#6 D:\Desktop\Untitled folder\05-26-tms-frontend\vendor\codeigniter4\framework\system\CodeIgniter.php(419): CodeIgniter\CodeIgniter->runController(Object(App\Controllers\Tickets))
#7 D:\Desktop\Untitled folder\05-26-tms-frontend\vendor\codeigniter4\framework\system\CodeIgniter.php(326): CodeIgniter\CodeIgniter->handleRequest(NULL, Object(Config\Cache), false)
#8 D:\Desktop\Untitled folder\05-26-tms-frontend\public\index.php(37): CodeIgniter\CodeIgniter->run()
#9 D:\Desktop\Untitled folder\05-26-tms-frontend\vendor\codeigniter4\framework\system\Commands\Server\rewrite.php(43): require_once('D:\\Desktop\\Unti...')
#10 {main}
CRITICAL - 2022-06-01 21:05:34 --> Cannot declare class App\Controllers\incident, because the name is already in use
#0 [internal function]: CodeIgniter\Debug\Exceptions->shutdownHandler()
#1 {main}
CRITICAL - 2022-06-01 21:45:59 --> Undefined array key "id"
#0 C:\Users\Ryzen 5\Desktop\frontend\0602-tms-frontend\app\Views\pages\view_incident.php(114): CodeIgniter\Debug\Exceptions->errorHandler(2, 'Undefined array...', 'C:\\Users\\Ryzen ...', 114)
#1 C:\Users\Ryzen 5\Desktop\frontend\0602-tms-frontend\vendor\codeigniter4\framework\system\View\View.php(210): include('C:\\Users\\Ryzen ...')
#2 C:\Users\Ryzen 5\Desktop\frontend\0602-tms-frontend\vendor\codeigniter4\framework\system\View\View.php(213): CodeIgniter\View\View->CodeIgniter\View\{closure}()
#3 C:\Users\Ryzen 5\Desktop\frontend\0602-tms-frontend\vendor\codeigniter4\framework\system\Common.php(1089): CodeIgniter\View\View->render('pages/view_inci...', Array, true)
#4 C:\Users\Ryzen 5\Desktop\frontend\0602-tms-frontend\app\Controllers\IncidentController.php(38): view('pages/view_inci...', Array)
#5 C:\Users\Ryzen 5\Desktop\frontend\0602-tms-frontend\vendor\codeigniter4\framework\system\CodeIgniter.php(832): App\Controllers\IncidentController->view_incident('0007')
#6 C:\Users\Ryzen 5\Desktop\frontend\0602-tms-frontend\vendor\codeigniter4\framework\system\CodeIgniter.php(419): CodeIgniter\CodeIgniter->runController(Object(App\Controllers\IncidentController))
#7 C:\Users\Ryzen 5\Desktop\frontend\0602-tms-frontend\vendor\codeigniter4\framework\system\CodeIgniter.php(326): CodeIgniter\CodeIgniter->handleRequest(NULL, Object(Config\Cache), false)
#8 C:\Users\Ryzen 5\Desktop\frontend\0602-tms-frontend\public\index.php(37): CodeIgniter\CodeIgniter->run()
#9 C:\Users\Ryzen 5\Desktop\frontend\0602-tms-frontend\vendor\codeigniter4\framework\system\Commands\Server\rewrite.php(43): require_once('C:\\Users\\Ryzen ...')
#10 {main}
CRITICAL - 2022-06-01 22:17:43 --> Undefined array key "id"
#0 C:\Users\Ryzen 5\Desktop\frontend\0602-tms-frontend\app\Views\script\view-incident.php(2): CodeIgniter\Debug\Exceptions->errorHandler(2, 'Undefined array...', 'C:\\Users\\Ryzen ...', 2)
#1 C:\Users\Ryzen 5\Desktop\frontend\0602-tms-frontend\vendor\codeigniter4\framework\system\View\View.php(210): include('C:\\Users\\Ryzen ...')
#2 C:\Users\Ryzen 5\Desktop\frontend\0602-tms-frontend\vendor\codeigniter4\framework\system\View\View.php(213): CodeIgniter\View\View->CodeIgniter\View\{closure}()
#3 C:\Users\Ryzen 5\Desktop\frontend\0602-tms-frontend\vendor\codeigniter4\framework\system\Common.php(1089): CodeIgniter\View\View->render('script/view-inc...', Array, true)
#4 C:\Users\Ryzen 5\Desktop\frontend\0602-tms-frontend\app\Controllers\IncidentController.php(58): view('script/view-inc...', Array)
#5 C:\Users\Ryzen 5\Desktop\frontend\0602-tms-frontend\vendor\codeigniter4\framework\system\CodeIgniter.php(832): App\Controllers\IncidentController->new_incident()
#6 C:\Users\Ryzen 5\Desktop\frontend\0602-tms-frontend\vendor\codeigniter4\framework\system\CodeIgniter.php(419): CodeIgniter\CodeIgniter->runController(Object(App\Controllers\IncidentController))
#7 C:\Users\Ryzen 5\Desktop\frontend\0602-tms-frontend\vendor\codeigniter4\framework\system\CodeIgniter.php(326): CodeIgniter\CodeIgniter->handleRequest(NULL, Object(Config\Cache), false)
#8 C:\Users\Ryzen 5\Desktop\frontend\0602-tms-frontend\public\index.php(37): CodeIgniter\CodeIgniter->run()
#9 C:\Users\Ryzen 5\Desktop\frontend\0602-tms-frontend\vendor\codeigniter4\framework\system\Commands\Server\rewrite.php(43): require_once('C:\\Users\\Ryzen ...')
#10 {main}
