CRITICAL - 2022-05-19 02:23:34 --> Undefined array key "Staff"
#0 C:\Users\Ryzen 5\Desktop\frontend\051922-tms-frontend\app\Views\pages\report.php(166): CodeIgniter\Debug\Exceptions->errorHandler(2, 'Undefined array...', 'C:\\Users\\Ryzen ...', 166)
#1 C:\Users\Ryzen 5\Desktop\frontend\051922-tms-frontend\vendor\codeigniter4\framework\system\View\View.php(210): include('C:\\Users\\Ryzen ...')
#2 C:\Users\Ryzen 5\Desktop\frontend\051922-tms-frontend\vendor\codeigniter4\framework\system\View\View.php(213): CodeIgniter\View\View->CodeIgniter\View\{closure}()
#3 C:\Users\Ryzen 5\Desktop\frontend\051922-tms-frontend\vendor\codeigniter4\framework\system\Common.php(1089): CodeIgniter\View\View->render('pages/report', Array, true)
#4 C:\Users\Ryzen 5\Desktop\frontend\051922-tms-frontend\app\Controllers\ReportController.php(23): view('pages/report', Array)
#5 C:\Users\Ryzen 5\Desktop\frontend\051922-tms-frontend\vendor\codeigniter4\framework\system\CodeIgniter.php(832): App\Controllers\ReportController->report()
#6 C:\Users\Ryzen 5\Desktop\frontend\051922-tms-frontend\vendor\codeigniter4\framework\system\CodeIgniter.php(419): CodeIgniter\CodeIgniter->runController(Object(App\Controllers\ReportController))
#7 C:\Users\Ryzen 5\Desktop\frontend\051922-tms-frontend\vendor\codeigniter4\framework\system\CodeIgniter.php(326): CodeIgniter\CodeIgniter->handleRequest(NULL, Object(Config\Cache), false)
#8 C:\Users\Ryzen 5\Desktop\frontend\051922-tms-frontend\public\index.php(37): CodeIgniter\CodeIgniter->run()
#9 C:\Users\Ryzen 5\Desktop\frontend\051922-tms-frontend\vendor\codeigniter4\framework\system\Commands\Server\rewrite.php(43): require_once('C:\\Users\\Ryzen ...')
#10 {main}
CRITICAL - 2022-05-19 03:06:01 --> Unclosed '{' on line 105
#0 C:\Users\Ryzen 5\Desktop\frontend\051922-tms-frontend\vendor\codeigniter4\framework\system\View\View.php(213): CodeIgniter\View\View->CodeIgniter\View\{closure}()
#1 C:\Users\Ryzen 5\Desktop\frontend\051922-tms-frontend\vendor\codeigniter4\framework\system\Common.php(1089): CodeIgniter\View\View->render('pages/report_st...', Array, true)
#2 C:\Users\Ryzen 5\Desktop\frontend\051922-tms-frontend\app\Controllers\ReportController.php(43): view('pages/report_st...', Array)
#3 C:\Users\Ryzen 5\Desktop\frontend\051922-tms-frontend\vendor\codeigniter4\framework\system\CodeIgniter.php(832): App\Controllers\ReportController->report_staff()
#4 C:\Users\Ryzen 5\Desktop\frontend\051922-tms-frontend\vendor\codeigniter4\framework\system\CodeIgniter.php(419): CodeIgniter\CodeIgniter->runController(Object(App\Controllers\ReportController))
#5 C:\Users\Ryzen 5\Desktop\frontend\051922-tms-frontend\vendor\codeigniter4\framework\system\CodeIgniter.php(326): CodeIgniter\CodeIgniter->handleRequest(NULL, Object(Config\Cache), false)
#6 C:\Users\Ryzen 5\Desktop\frontend\051922-tms-frontend\public\index.php(37): CodeIgniter\CodeIgniter->run()
#7 C:\Users\Ryzen 5\Desktop\frontend\051922-tms-frontend\vendor\codeigniter4\framework\system\Commands\Server\rewrite.php(43): require_once('C:\\Users\\Ryzen ...')
#8 {main}
CRITICAL - 2022-05-19 03:14:27 --> Undefined array key "role"
#0 C:\Users\Ryzen 5\Desktop\frontend\051922-tms-frontend\app\Views\pages\report_staff.php(176): CodeIgniter\Debug\Exceptions->errorHandler(2, 'Undefined array...', 'C:\\Users\\Ryzen ...', 176)
#1 C:\Users\Ryzen 5\Desktop\frontend\051922-tms-frontend\vendor\codeigniter4\framework\system\View\View.php(210): include('C:\\Users\\Ryzen ...')
#2 C:\Users\Ryzen 5\Desktop\frontend\051922-tms-frontend\vendor\codeigniter4\framework\system\View\View.php(213): CodeIgniter\View\View->CodeIgniter\View\{closure}()
#3 C:\Users\Ryzen 5\Desktop\frontend\051922-tms-frontend\vendor\codeigniter4\framework\system\Common.php(1089): CodeIgniter\View\View->render('pages/report_st...', Array, true)
#4 C:\Users\Ryzen 5\Desktop\frontend\051922-tms-frontend\app\Controllers\ReportController.php(43): view('pages/report_st...', Array)
#5 C:\Users\Ryzen 5\Desktop\frontend\051922-tms-frontend\vendor\codeigniter4\framework\system\CodeIgniter.php(832): App\Controllers\ReportController->report_staff()
#6 C:\Users\Ryzen 5\Desktop\frontend\051922-tms-frontend\vendor\codeigniter4\framework\system\CodeIgniter.php(419): CodeIgniter\CodeIgniter->runController(Object(App\Controllers\ReportController))
#7 C:\Users\Ryzen 5\Desktop\frontend\051922-tms-frontend\vendor\codeigniter4\framework\system\CodeIgniter.php(326): CodeIgniter\CodeIgniter->handleRequest(NULL, Object(Config\Cache), false)
#8 C:\Users\Ryzen 5\Desktop\frontend\051922-tms-frontend\public\index.php(37): CodeIgniter\CodeIgniter->run()
#9 C:\Users\Ryzen 5\Desktop\frontend\051922-tms-frontend\vendor\codeigniter4\framework\system\Commands\Server\rewrite.php(43): require_once('C:\\Users\\Ryzen ...')
#10 {main}
CRITICAL - 2022-05-19 03:17:00 --> Undefined array key "staff"
#0 C:\Users\Ryzen 5\Desktop\frontend\051922-tms-frontend\app\Views\templates\footer.php(1202): CodeIgniter\Debug\Exceptions->errorHandler(2, 'Undefined array...', 'C:\\Users\\Ryzen ...', 1202)
#1 C:\Users\Ryzen 5\Desktop\frontend\051922-tms-frontend\vendor\codeigniter4\framework\system\View\View.php(210): include('C:\\Users\\Ryzen ...')
#2 C:\Users\Ryzen 5\Desktop\frontend\051922-tms-frontend\vendor\codeigniter4\framework\system\View\View.php(213): CodeIgniter\View\View->CodeIgniter\View\{closure}()
#3 C:\Users\Ryzen 5\Desktop\frontend\051922-tms-frontend\vendor\codeigniter4\framework\system\Common.php(1089): CodeIgniter\View\View->render('templates/foote...', Array, true)
#4 C:\Users\Ryzen 5\Desktop\frontend\051922-tms-frontend\app\Controllers\ReportController.php(44): view('templates/foote...', Array)
#5 C:\Users\Ryzen 5\Desktop\frontend\051922-tms-frontend\vendor\codeigniter4\framework\system\CodeIgniter.php(832): App\Controllers\ReportController->report_staff()
#6 C:\Users\Ryzen 5\Desktop\frontend\051922-tms-frontend\vendor\codeigniter4\framework\system\CodeIgniter.php(419): CodeIgniter\CodeIgniter->runController(Object(App\Controllers\ReportController))
#7 C:\Users\Ryzen 5\Desktop\frontend\051922-tms-frontend\vendor\codeigniter4\framework\system\CodeIgniter.php(326): CodeIgniter\CodeIgniter->handleRequest(NULL, Object(Config\Cache), false)
#8 C:\Users\Ryzen 5\Desktop\frontend\051922-tms-frontend\public\index.php(37): CodeIgniter\CodeIgniter->run()
#9 C:\Users\Ryzen 5\Desktop\frontend\051922-tms-frontend\vendor\codeigniter4\framework\system\Commands\Server\rewrite.php(43): require_once('C:\\Users\\Ryzen ...')
#10 {main}
CRITICAL - 2022-05-19 03:17:07 --> Undefined array key "staff"
#0 C:\Users\Ryzen 5\Desktop\frontend\051922-tms-frontend\app\Views\templates\footer.php(1202): CodeIgniter\Debug\Exceptions->errorHandler(2, 'Undefined array...', 'C:\\Users\\Ryzen ...', 1202)
#1 C:\Users\Ryzen 5\Desktop\frontend\051922-tms-frontend\vendor\codeigniter4\framework\system\View\View.php(210): include('C:\\Users\\Ryzen ...')
#2 C:\Users\Ryzen 5\Desktop\frontend\051922-tms-frontend\vendor\codeigniter4\framework\system\View\View.php(213): CodeIgniter\View\View->CodeIgniter\View\{closure}()
#3 C:\Users\Ryzen 5\Desktop\frontend\051922-tms-frontend\vendor\codeigniter4\framework\system\Common.php(1089): CodeIgniter\View\View->render('templates/foote...', Array, true)
#4 C:\Users\Ryzen 5\Desktop\frontend\051922-tms-frontend\app\Controllers\ReportController.php(44): view('templates/foote...', Array)
#5 C:\Users\Ryzen 5\Desktop\frontend\051922-tms-frontend\vendor\codeigniter4\framework\system\CodeIgniter.php(832): App\Controllers\ReportController->report_staff()
#6 C:\Users\Ryzen 5\Desktop\frontend\051922-tms-frontend\vendor\codeigniter4\framework\system\CodeIgniter.php(419): CodeIgniter\CodeIgniter->runController(Object(App\Controllers\ReportController))
#7 C:\Users\Ryzen 5\Desktop\frontend\051922-tms-frontend\vendor\codeigniter4\framework\system\CodeIgniter.php(326): CodeIgniter\CodeIgniter->handleRequest(NULL, Object(Config\Cache), false)
#8 C:\Users\Ryzen 5\Desktop\frontend\051922-tms-frontend\public\index.php(37): CodeIgniter\CodeIgniter->run()
#9 C:\Users\Ryzen 5\Desktop\frontend\051922-tms-frontend\vendor\codeigniter4\framework\system\Commands\Server\rewrite.php(43): require_once('C:\\Users\\Ryzen ...')
#10 {main}
CRITICAL - 2022-05-19 03:17:26 --> Undefined array key "staff"
#0 C:\Users\Ryzen 5\Desktop\frontend\051922-tms-frontend\app\Views\templates\footer.php(1202): CodeIgniter\Debug\Exceptions->errorHandler(2, 'Undefined array...', 'C:\\Users\\Ryzen ...', 1202)
#1 C:\Users\Ryzen 5\Desktop\frontend\051922-tms-frontend\vendor\codeigniter4\framework\system\View\View.php(210): include('C:\\Users\\Ryzen ...')
#2 C:\Users\Ryzen 5\Desktop\frontend\051922-tms-frontend\vendor\codeigniter4\framework\system\View\View.php(213): CodeIgniter\View\View->CodeIgniter\View\{closure}()
#3 C:\Users\Ryzen 5\Desktop\frontend\051922-tms-frontend\vendor\codeigniter4\framework\system\Common.php(1089): CodeIgniter\View\View->render('templates/foote...', Array, true)
#4 C:\Users\Ryzen 5\Desktop\frontend\051922-tms-frontend\app\Controllers\ReportController.php(44): view('templates/foote...', Array)
#5 C:\Users\Ryzen 5\Desktop\frontend\051922-tms-frontend\vendor\codeigniter4\framework\system\CodeIgniter.php(832): App\Controllers\ReportController->report_staff()
#6 C:\Users\Ryzen 5\Desktop\frontend\051922-tms-frontend\vendor\codeigniter4\framework\system\CodeIgniter.php(419): CodeIgniter\CodeIgniter->runController(Object(App\Controllers\ReportController))
#7 C:\Users\Ryzen 5\Desktop\frontend\051922-tms-frontend\vendor\codeigniter4\framework\system\CodeIgniter.php(326): CodeIgniter\CodeIgniter->handleRequest(NULL, Object(Config\Cache), false)
#8 C:\Users\Ryzen 5\Desktop\frontend\051922-tms-frontend\public\index.php(37): CodeIgniter\CodeIgniter->run()
#9 C:\Users\Ryzen 5\Desktop\frontend\051922-tms-frontend\vendor\codeigniter4\framework\system\Commands\Server\rewrite.php(43): require_once('C:\\Users\\Ryzen ...')
#10 {main}
CRITICAL - 2022-05-19 03:17:56 --> Undefined array key "staff"
#0 C:\Users\Ryzen 5\Desktop\frontend\051922-tms-frontend\app\Views\templates\footer.php(1202): CodeIgniter\Debug\Exceptions->errorHandler(2, 'Undefined array...', 'C:\\Users\\Ryzen ...', 1202)
#1 C:\Users\Ryzen 5\Desktop\frontend\051922-tms-frontend\vendor\codeigniter4\framework\system\View\View.php(210): include('C:\\Users\\Ryzen ...')
#2 C:\Users\Ryzen 5\Desktop\frontend\051922-tms-frontend\vendor\codeigniter4\framework\system\View\View.php(213): CodeIgniter\View\View->CodeIgniter\View\{closure}()
#3 C:\Users\Ryzen 5\Desktop\frontend\051922-tms-frontend\vendor\codeigniter4\framework\system\Common.php(1089): CodeIgniter\View\View->render('templates/foote...', Array, true)
#4 C:\Users\Ryzen 5\Desktop\frontend\051922-tms-frontend\app\Controllers\ReportController.php(44): view('templates/foote...', Array)
#5 C:\Users\Ryzen 5\Desktop\frontend\051922-tms-frontend\vendor\codeigniter4\framework\system\CodeIgniter.php(832): App\Controllers\ReportController->report_staff()
#6 C:\Users\Ryzen 5\Desktop\frontend\051922-tms-frontend\vendor\codeigniter4\framework\system\CodeIgniter.php(419): CodeIgniter\CodeIgniter->runController(Object(App\Controllers\ReportController))
#7 C:\Users\Ryzen 5\Desktop\frontend\051922-tms-frontend\vendor\codeigniter4\framework\system\CodeIgniter.php(326): CodeIgniter\CodeIgniter->handleRequest(NULL, Object(Config\Cache), false)
#8 C:\Users\Ryzen 5\Desktop\frontend\051922-tms-frontend\public\index.php(37): CodeIgniter\CodeIgniter->run()
#9 C:\Users\Ryzen 5\Desktop\frontend\051922-tms-frontend\vendor\codeigniter4\framework\system\Commands\Server\rewrite.php(43): require_once('C:\\Users\\Ryzen ...')
#10 {main}
CRITICAL - 2022-05-19 03:19:10 --> Undefined variable $id
#0 C:\Users\Ryzen 5\Desktop\frontend\051922-tms-frontend\app\Views\templates\footer.php(1207): CodeIgniter\Debug\Exceptions->errorHandler(2, 'Undefined varia...', 'C:\\Users\\Ryzen ...', 1207)
#1 C:\Users\Ryzen 5\Desktop\frontend\051922-tms-frontend\vendor\codeigniter4\framework\system\View\View.php(210): include('C:\\Users\\Ryzen ...')
#2 C:\Users\Ryzen 5\Desktop\frontend\051922-tms-frontend\vendor\codeigniter4\framework\system\View\View.php(213): CodeIgniter\View\View->CodeIgniter\View\{closure}()
#3 C:\Users\Ryzen 5\Desktop\frontend\051922-tms-frontend\vendor\codeigniter4\framework\system\Common.php(1089): CodeIgniter\View\View->render('templates/foote...', Array, true)
#4 C:\Users\Ryzen 5\Desktop\frontend\051922-tms-frontend\app\Controllers\ReportController.php(44): view('templates/foote...', Array)
#5 C:\Users\Ryzen 5\Desktop\frontend\051922-tms-frontend\vendor\codeigniter4\framework\system\CodeIgniter.php(832): App\Controllers\ReportController->report_staff()
#6 C:\Users\Ryzen 5\Desktop\frontend\051922-tms-frontend\vendor\codeigniter4\framework\system\CodeIgniter.php(419): CodeIgniter\CodeIgniter->runController(Object(App\Controllers\ReportController))
#7 C:\Users\Ryzen 5\Desktop\frontend\051922-tms-frontend\vendor\codeigniter4\framework\system\CodeIgniter.php(326): CodeIgniter\CodeIgniter->handleRequest(NULL, Object(Config\Cache), false)
#8 C:\Users\Ryzen 5\Desktop\frontend\051922-tms-frontend\public\index.php(37): CodeIgniter\CodeIgniter->run()
#9 C:\Users\Ryzen 5\Desktop\frontend\051922-tms-frontend\vendor\codeigniter4\framework\system\Commands\Server\rewrite.php(43): require_once('C:\\Users\\Ryzen ...')
#10 {main}
