CRITICAL - 2022-05-26 03:20:30 --> Undefined array key "role"
#0 C:\Users\Ryzen 5\Downloads\05-26-tms-frontend\app\Views\pages\dashboard.php(94): CodeIgniter\Debug\Exceptions->errorHandler(2, 'Undefined array...', 'C:\\Users\\Ryzen ...', 94)
#1 C:\Users\Ryzen 5\Downloads\05-26-tms-frontend\vendor\codeigniter4\framework\system\View\View.php(210): include('C:\\Users\\Ryzen ...')
#2 C:\Users\Ryzen 5\Downloads\05-26-tms-frontend\vendor\codeigniter4\framework\system\View\View.php(213): CodeIgniter\View\View->CodeIgniter\View\{closure}()
#3 C:\Users\Ryzen 5\Downloads\05-26-tms-frontend\vendor\codeigniter4\framework\system\Common.php(1089): CodeIgniter\View\View->render('pages/dashboard', Array, true)
#4 C:\Users\Ryzen 5\Downloads\05-26-tms-frontend\app\Controllers\UserController.php(83): view('pages/dashboard', Array)
#5 C:\Users\Ryzen 5\Downloads\05-26-tms-frontend\vendor\codeigniter4\framework\system\CodeIgniter.php(832): App\Controllers\UserController->dashboard()
#6 C:\Users\Ryzen 5\Downloads\05-26-tms-frontend\vendor\codeigniter4\framework\system\CodeIgniter.php(419): CodeIgniter\CodeIgniter->runController(Object(App\Controllers\UserController))
#7 C:\Users\Ryzen 5\Downloads\05-26-tms-frontend\vendor\codeigniter4\framework\system\CodeIgniter.php(326): CodeIgniter\CodeIgniter->handleRequest(NULL, Object(Config\Cache), false)
#8 C:\Users\Ryzen 5\Downloads\05-26-tms-frontend\public\index.php(37): CodeIgniter\CodeIgniter->run()
#9 C:\Users\Ryzen 5\Downloads\05-26-tms-frontend\vendor\codeigniter4\framework\system\Commands\Server\rewrite.php(43): require_once('C:\\Users\\Ryzen ...')
#10 {main}
CRITICAL - 2022-05-26 08:55:51 --> Undefined array key "role"
#0 C:\Users\Ryzen 5\Downloads\05-26-tms-frontend\app\Views\pages\dashboard.php(94): CodeIgniter\Debug\Exceptions->errorHandler(2, 'Undefined array...', 'C:\\Users\\Ryzen ...', 94)
#1 C:\Users\Ryzen 5\Downloads\05-26-tms-frontend\vendor\codeigniter4\framework\system\View\View.php(210): include('C:\\Users\\Ryzen ...')
#2 C:\Users\Ryzen 5\Downloads\05-26-tms-frontend\vendor\codeigniter4\framework\system\View\View.php(213): CodeIgniter\View\View->CodeIgniter\View\{closure}()
#3 C:\Users\Ryzen 5\Downloads\05-26-tms-frontend\vendor\codeigniter4\framework\system\Common.php(1089): CodeIgniter\View\View->render('pages/dashboard', Array, true)
#4 C:\Users\Ryzen 5\Downloads\05-26-tms-frontend\app\Controllers\UserController.php(83): view('pages/dashboard', Array)
#5 C:\Users\Ryzen 5\Downloads\05-26-tms-frontend\vendor\codeigniter4\framework\system\CodeIgniter.php(832): App\Controllers\UserController->dashboard()
#6 C:\Users\Ryzen 5\Downloads\05-26-tms-frontend\vendor\codeigniter4\framework\system\CodeIgniter.php(419): CodeIgniter\CodeIgniter->runController(Object(App\Controllers\UserController))
#7 C:\Users\Ryzen 5\Downloads\05-26-tms-frontend\vendor\codeigniter4\framework\system\CodeIgniter.php(326): CodeIgniter\CodeIgniter->handleRequest(NULL, Object(Config\Cache), false)
#8 C:\Users\Ryzen 5\Downloads\05-26-tms-frontend\public\index.php(37): CodeIgniter\CodeIgniter->run()
#9 C:\Users\Ryzen 5\Downloads\05-26-tms-frontend\vendor\codeigniter4\framework\system\Commands\Server\rewrite.php(43): require_once('C:\\Users\\Ryzen ...')
#10 {main}
CRITICAL - 2022-05-26 09:39:30 --> Undefined variable $local
#0 C:\Users\Ryzen 5\Downloads\05-26-tms-frontend\app\Views\templates\header.php(43): CodeIgniter\Debug\Exceptions->errorHandler(2, 'Undefined varia...', 'C:\\Users\\Ryzen ...', 43)
#1 C:\Users\Ryzen 5\Downloads\05-26-tms-frontend\vendor\codeigniter4\framework\system\View\View.php(210): include('C:\\Users\\Ryzen ...')
#2 C:\Users\Ryzen 5\Downloads\05-26-tms-frontend\vendor\codeigniter4\framework\system\View\View.php(213): CodeIgniter\View\View->CodeIgniter\View\{closure}()
#3 C:\Users\Ryzen 5\Downloads\05-26-tms-frontend\vendor\codeigniter4\framework\system\Common.php(1089): CodeIgniter\View\View->render('templates/heade...', Array, true)
#4 C:\Users\Ryzen 5\Downloads\05-26-tms-frontend\app\Controllers\UserController.php(33): view('templates/heade...')
#5 C:\Users\Ryzen 5\Downloads\05-26-tms-frontend\vendor\codeigniter4\framework\system\CodeIgniter.php(832): App\Controllers\UserController->index()
#6 C:\Users\Ryzen 5\Downloads\05-26-tms-frontend\vendor\codeigniter4\framework\system\CodeIgniter.php(419): CodeIgniter\CodeIgniter->runController(Object(App\Controllers\UserController))
#7 C:\Users\Ryzen 5\Downloads\05-26-tms-frontend\vendor\codeigniter4\framework\system\CodeIgniter.php(326): CodeIgniter\CodeIgniter->handleRequest(NULL, Object(Config\Cache), false)
#8 C:\Users\Ryzen 5\Downloads\05-26-tms-frontend\public\index.php(37): CodeIgniter\CodeIgniter->run()
#9 C:\Users\Ryzen 5\Downloads\05-26-tms-frontend\vendor\codeigniter4\framework\system\Commands\Server\rewrite.php(43): require_once('C:\\Users\\Ryzen ...')
#10 {main}
CRITICAL - 2022-05-26 09:40:23 --> Undefined variable $local
#0 C:\Users\Ryzen 5\Downloads\05-26-tms-frontend\app\Views\templates\header.php(43): CodeIgniter\Debug\Exceptions->errorHandler(2, 'Undefined varia...', 'C:\\Users\\Ryzen ...', 43)
#1 C:\Users\Ryzen 5\Downloads\05-26-tms-frontend\vendor\codeigniter4\framework\system\View\View.php(210): include('C:\\Users\\Ryzen ...')
#2 C:\Users\Ryzen 5\Downloads\05-26-tms-frontend\vendor\codeigniter4\framework\system\View\View.php(213): CodeIgniter\View\View->CodeIgniter\View\{closure}()
#3 C:\Users\Ryzen 5\Downloads\05-26-tms-frontend\vendor\codeigniter4\framework\system\Common.php(1089): CodeIgniter\View\View->render('templates/heade...', Array, true)
#4 C:\Users\Ryzen 5\Downloads\05-26-tms-frontend\app\Controllers\UserController.php(33): view('templates/heade...')
#5 C:\Users\Ryzen 5\Downloads\05-26-tms-frontend\vendor\codeigniter4\framework\system\CodeIgniter.php(832): App\Controllers\UserController->index()
#6 C:\Users\Ryzen 5\Downloads\05-26-tms-frontend\vendor\codeigniter4\framework\system\CodeIgniter.php(419): CodeIgniter\CodeIgniter->runController(Object(App\Controllers\UserController))
#7 C:\Users\Ryzen 5\Downloads\05-26-tms-frontend\vendor\codeigniter4\framework\system\CodeIgniter.php(326): CodeIgniter\CodeIgniter->handleRequest(NULL, Object(Config\Cache), false)
#8 C:\Users\Ryzen 5\Downloads\05-26-tms-frontend\public\index.php(37): CodeIgniter\CodeIgniter->run()
#9 C:\Users\Ryzen 5\Downloads\05-26-tms-frontend\vendor\codeigniter4\framework\system\Commands\Server\rewrite.php(43): require_once('C:\\Users\\Ryzen ...')
#10 {main}
CRITICAL - 2022-05-26 09:40:24 --> Undefined variable $local
#0 C:\Users\Ryzen 5\Downloads\05-26-tms-frontend\app\Views\templates\header.php(43): CodeIgniter\Debug\Exceptions->errorHandler(2, 'Undefined varia...', 'C:\\Users\\Ryzen ...', 43)
#1 C:\Users\Ryzen 5\Downloads\05-26-tms-frontend\vendor\codeigniter4\framework\system\View\View.php(210): include('C:\\Users\\Ryzen ...')
#2 C:\Users\Ryzen 5\Downloads\05-26-tms-frontend\vendor\codeigniter4\framework\system\View\View.php(213): CodeIgniter\View\View->CodeIgniter\View\{closure}()
#3 C:\Users\Ryzen 5\Downloads\05-26-tms-frontend\vendor\codeigniter4\framework\system\Common.php(1089): CodeIgniter\View\View->render('templates/heade...', Array, true)
#4 C:\Users\Ryzen 5\Downloads\05-26-tms-frontend\app\Controllers\UserController.php(33): view('templates/heade...')
#5 C:\Users\Ryzen 5\Downloads\05-26-tms-frontend\vendor\codeigniter4\framework\system\CodeIgniter.php(832): App\Controllers\UserController->index()
#6 C:\Users\Ryzen 5\Downloads\05-26-tms-frontend\vendor\codeigniter4\framework\system\CodeIgniter.php(419): CodeIgniter\CodeIgniter->runController(Object(App\Controllers\UserController))
#7 C:\Users\Ryzen 5\Downloads\05-26-tms-frontend\vendor\codeigniter4\framework\system\CodeIgniter.php(326): CodeIgniter\CodeIgniter->handleRequest(NULL, Object(Config\Cache), false)
#8 C:\Users\Ryzen 5\Downloads\05-26-tms-frontend\public\index.php(37): CodeIgniter\CodeIgniter->run()
#9 C:\Users\Ryzen 5\Downloads\05-26-tms-frontend\vendor\codeigniter4\framework\system\Commands\Server\rewrite.php(43): require_once('C:\\Users\\Ryzen ...')
#10 {main}
CRITICAL - 2022-05-26 09:41:19 --> Undefined variable $local
#0 C:\Users\Ryzen 5\Downloads\05-26-tms-frontend\app\Views\templates\header.php(42): CodeIgniter\Debug\Exceptions->errorHandler(2, 'Undefined varia...', 'C:\\Users\\Ryzen ...', 42)
#1 C:\Users\Ryzen 5\Downloads\05-26-tms-frontend\vendor\codeigniter4\framework\system\View\View.php(210): include('C:\\Users\\Ryzen ...')
#2 C:\Users\Ryzen 5\Downloads\05-26-tms-frontend\vendor\codeigniter4\framework\system\View\View.php(213): CodeIgniter\View\View->CodeIgniter\View\{closure}()
#3 C:\Users\Ryzen 5\Downloads\05-26-tms-frontend\vendor\codeigniter4\framework\system\Common.php(1089): CodeIgniter\View\View->render('templates/heade...', Array, true)
#4 C:\Users\Ryzen 5\Downloads\05-26-tms-frontend\app\Controllers\UserController.php(33): view('templates/heade...')
#5 C:\Users\Ryzen 5\Downloads\05-26-tms-frontend\vendor\codeigniter4\framework\system\CodeIgniter.php(832): App\Controllers\UserController->index()
#6 C:\Users\Ryzen 5\Downloads\05-26-tms-frontend\vendor\codeigniter4\framework\system\CodeIgniter.php(419): CodeIgniter\CodeIgniter->runController(Object(App\Controllers\UserController))
#7 C:\Users\Ryzen 5\Downloads\05-26-tms-frontend\vendor\codeigniter4\framework\system\CodeIgniter.php(326): CodeIgniter\CodeIgniter->handleRequest(NULL, Object(Config\Cache), false)
#8 C:\Users\Ryzen 5\Downloads\05-26-tms-frontend\public\index.php(37): CodeIgniter\CodeIgniter->run()
#9 C:\Users\Ryzen 5\Downloads\05-26-tms-frontend\vendor\codeigniter4\framework\system\Commands\Server\rewrite.php(43): require_once('C:\\Users\\Ryzen ...')
#10 {main}
CRITICAL - 2022-05-26 09:41:20 --> Undefined variable $local
#0 C:\Users\Ryzen 5\Downloads\05-26-tms-frontend\app\Views\templates\header.php(42): CodeIgniter\Debug\Exceptions->errorHandler(2, 'Undefined varia...', 'C:\\Users\\Ryzen ...', 42)
#1 C:\Users\Ryzen 5\Downloads\05-26-tms-frontend\vendor\codeigniter4\framework\system\View\View.php(210): include('C:\\Users\\Ryzen ...')
#2 C:\Users\Ryzen 5\Downloads\05-26-tms-frontend\vendor\codeigniter4\framework\system\View\View.php(213): CodeIgniter\View\View->CodeIgniter\View\{closure}()
#3 C:\Users\Ryzen 5\Downloads\05-26-tms-frontend\vendor\codeigniter4\framework\system\Common.php(1089): CodeIgniter\View\View->render('templates/heade...', Array, true)
#4 C:\Users\Ryzen 5\Downloads\05-26-tms-frontend\app\Controllers\UserController.php(33): view('templates/heade...')
#5 C:\Users\Ryzen 5\Downloads\05-26-tms-frontend\vendor\codeigniter4\framework\system\CodeIgniter.php(832): App\Controllers\UserController->index()
#6 C:\Users\Ryzen 5\Downloads\05-26-tms-frontend\vendor\codeigniter4\framework\system\CodeIgniter.php(419): CodeIgniter\CodeIgniter->runController(Object(App\Controllers\UserController))
#7 C:\Users\Ryzen 5\Downloads\05-26-tms-frontend\vendor\codeigniter4\framework\system\CodeIgniter.php(326): CodeIgniter\CodeIgniter->handleRequest(NULL, Object(Config\Cache), false)
#8 C:\Users\Ryzen 5\Downloads\05-26-tms-frontend\public\index.php(37): CodeIgniter\CodeIgniter->run()
#9 C:\Users\Ryzen 5\Downloads\05-26-tms-frontend\vendor\codeigniter4\framework\system\Commands\Server\rewrite.php(43): require_once('C:\\Users\\Ryzen ...')
#10 {main}
CRITICAL - 2022-05-26 09:42:03 --> Undefined variable $local
#0 C:\Users\Ryzen 5\Downloads\05-26-tms-frontend\app\Views\templates\header.php(39): CodeIgniter\Debug\Exceptions->errorHandler(2, 'Undefined varia...', 'C:\\Users\\Ryzen ...', 39)
#1 C:\Users\Ryzen 5\Downloads\05-26-tms-frontend\vendor\codeigniter4\framework\system\View\View.php(210): include('C:\\Users\\Ryzen ...')
#2 C:\Users\Ryzen 5\Downloads\05-26-tms-frontend\vendor\codeigniter4\framework\system\View\View.php(213): CodeIgniter\View\View->CodeIgniter\View\{closure}()
#3 C:\Users\Ryzen 5\Downloads\05-26-tms-frontend\vendor\codeigniter4\framework\system\Common.php(1089): CodeIgniter\View\View->render('templates/heade...', Array, true)
#4 C:\Users\Ryzen 5\Downloads\05-26-tms-frontend\app\Controllers\UserController.php(80): view('templates/heade...')
#5 C:\Users\Ryzen 5\Downloads\05-26-tms-frontend\vendor\codeigniter4\framework\system\CodeIgniter.php(832): App\Controllers\UserController->dashboard()
#6 C:\Users\Ryzen 5\Downloads\05-26-tms-frontend\vendor\codeigniter4\framework\system\CodeIgniter.php(419): CodeIgniter\CodeIgniter->runController(Object(App\Controllers\UserController))
#7 C:\Users\Ryzen 5\Downloads\05-26-tms-frontend\vendor\codeigniter4\framework\system\CodeIgniter.php(326): CodeIgniter\CodeIgniter->handleRequest(NULL, Object(Config\Cache), false)
#8 C:\Users\Ryzen 5\Downloads\05-26-tms-frontend\public\index.php(37): CodeIgniter\CodeIgniter->run()
#9 C:\Users\Ryzen 5\Downloads\05-26-tms-frontend\vendor\codeigniter4\framework\system\Commands\Server\rewrite.php(43): require_once('C:\\Users\\Ryzen ...')
#10 {main}
CRITICAL - 2022-05-26 10:19:17 --> Invalid file: script/report.php
#0 C:\Users\Ryzen 5\Downloads\05-26-tms-frontend\vendor\codeigniter4\framework\system\View\View.php(198): CodeIgniter\Exceptions\FrameworkException::forInvalidFile('script/report.p...')
#1 C:\Users\Ryzen 5\Downloads\05-26-tms-frontend\vendor\codeigniter4\framework\system\Common.php(1089): CodeIgniter\View\View->render('script/report', Array, true)
#2 C:\Users\Ryzen 5\Downloads\05-26-tms-frontend\app\Controllers\ReportController.php(25): view('script/report', Array)
#3 C:\Users\Ryzen 5\Downloads\05-26-tms-frontend\vendor\codeigniter4\framework\system\CodeIgniter.php(832): App\Controllers\ReportController->report()
#4 C:\Users\Ryzen 5\Downloads\05-26-tms-frontend\vendor\codeigniter4\framework\system\CodeIgniter.php(419): CodeIgniter\CodeIgniter->runController(Object(App\Controllers\ReportController))
#5 C:\Users\Ryzen 5\Downloads\05-26-tms-frontend\vendor\codeigniter4\framework\system\CodeIgniter.php(326): CodeIgniter\CodeIgniter->handleRequest(NULL, Object(Config\Cache), false)
#6 C:\Users\Ryzen 5\Downloads\05-26-tms-frontend\public\index.php(37): CodeIgniter\CodeIgniter->run()
#7 C:\Users\Ryzen 5\Downloads\05-26-tms-frontend\vendor\codeigniter4\framework\system\Commands\Server\rewrite.php(43): require_once('C:\\Users\\Ryzen ...')
#8 {main}
CRITICAL - 2022-05-26 10:50:24 --> Undefined array key "role"
#0 C:\Users\Ryzen 5\Downloads\05-26-tms-frontend\app\Views\pages\report.php(94): CodeIgniter\Debug\Exceptions->errorHandler(2, 'Undefined array...', 'C:\\Users\\Ryzen ...', 94)
#1 C:\Users\Ryzen 5\Downloads\05-26-tms-frontend\vendor\codeigniter4\framework\system\View\View.php(210): include('C:\\Users\\Ryzen ...')
#2 C:\Users\Ryzen 5\Downloads\05-26-tms-frontend\vendor\codeigniter4\framework\system\View\View.php(213): CodeIgniter\View\View->CodeIgniter\View\{closure}()
#3 C:\Users\Ryzen 5\Downloads\05-26-tms-frontend\vendor\codeigniter4\framework\system\Common.php(1089): CodeIgniter\View\View->render('pages/report', Array, true)
#4 C:\Users\Ryzen 5\Downloads\05-26-tms-frontend\app\Controllers\ReportController.php(23): view('pages/report', Array)
#5 C:\Users\Ryzen 5\Downloads\05-26-tms-frontend\vendor\codeigniter4\framework\system\CodeIgniter.php(832): App\Controllers\ReportController->report()
#6 C:\Users\Ryzen 5\Downloads\05-26-tms-frontend\vendor\codeigniter4\framework\system\CodeIgniter.php(419): CodeIgniter\CodeIgniter->runController(Object(App\Controllers\ReportController))
#7 C:\Users\Ryzen 5\Downloads\05-26-tms-frontend\vendor\codeigniter4\framework\system\CodeIgniter.php(326): CodeIgniter\CodeIgniter->handleRequest(NULL, Object(Config\Cache), false)
#8 C:\Users\Ryzen 5\Downloads\05-26-tms-frontend\public\index.php(37): CodeIgniter\CodeIgniter->run()
#9 C:\Users\Ryzen 5\Downloads\05-26-tms-frontend\vendor\codeigniter4\framework\system\Commands\Server\rewrite.php(43): require_once('C:\\Users\\Ryzen ...')
#10 {main}
CRITICAL - 2022-05-26 11:50:40 --> Undefined array key "role"
#0 C:\Users\Ryzen 5\Downloads\05-26-tms-frontend\app\Views\pages\report.php(94): CodeIgniter\Debug\Exceptions->errorHandler(2, 'Undefined array...', 'C:\\Users\\Ryzen ...', 94)
#1 C:\Users\Ryzen 5\Downloads\05-26-tms-frontend\vendor\codeigniter4\framework\system\View\View.php(210): include('C:\\Users\\Ryzen ...')
#2 C:\Users\Ryzen 5\Downloads\05-26-tms-frontend\vendor\codeigniter4\framework\system\View\View.php(213): CodeIgniter\View\View->CodeIgniter\View\{closure}()
#3 C:\Users\Ryzen 5\Downloads\05-26-tms-frontend\vendor\codeigniter4\framework\system\Common.php(1089): CodeIgniter\View\View->render('pages/report', Array, true)
#4 C:\Users\Ryzen 5\Downloads\05-26-tms-frontend\app\Controllers\ReportController.php(23): view('pages/report', Array)
#5 C:\Users\Ryzen 5\Downloads\05-26-tms-frontend\vendor\codeigniter4\framework\system\CodeIgniter.php(832): App\Controllers\ReportController->report()
#6 C:\Users\Ryzen 5\Downloads\05-26-tms-frontend\vendor\codeigniter4\framework\system\CodeIgniter.php(419): CodeIgniter\CodeIgniter->runController(Object(App\Controllers\ReportController))
#7 C:\Users\Ryzen 5\Downloads\05-26-tms-frontend\vendor\codeigniter4\framework\system\CodeIgniter.php(326): CodeIgniter\CodeIgniter->handleRequest(NULL, Object(Config\Cache), false)
#8 C:\Users\Ryzen 5\Downloads\05-26-tms-frontend\public\index.php(37): CodeIgniter\CodeIgniter->run()
#9 C:\Users\Ryzen 5\Downloads\05-26-tms-frontend\vendor\codeigniter4\framework\system\Commands\Server\rewrite.php(43): require_once('C:\\Users\\Ryzen ...')
#10 {main}
CRITICAL - 2022-05-26 12:54:20 --> Undefined array key "role"
#0 C:\Users\Ryzen 5\Downloads\05-26-tms-frontend\app\Views\pages\report.php(94): CodeIgniter\Debug\Exceptions->errorHandler(2, 'Undefined array...', 'C:\\Users\\Ryzen ...', 94)
#1 C:\Users\Ryzen 5\Downloads\05-26-tms-frontend\vendor\codeigniter4\framework\system\View\View.php(210): include('C:\\Users\\Ryzen ...')
#2 C:\Users\Ryzen 5\Downloads\05-26-tms-frontend\vendor\codeigniter4\framework\system\View\View.php(213): CodeIgniter\View\View->CodeIgniter\View\{closure}()
#3 C:\Users\Ryzen 5\Downloads\05-26-tms-frontend\vendor\codeigniter4\framework\system\Common.php(1089): CodeIgniter\View\View->render('pages/report', Array, true)
#4 C:\Users\Ryzen 5\Downloads\05-26-tms-frontend\app\Controllers\ReportController.php(23): view('pages/report', Array)
#5 C:\Users\Ryzen 5\Downloads\05-26-tms-frontend\vendor\codeigniter4\framework\system\CodeIgniter.php(832): App\Controllers\ReportController->report()
#6 C:\Users\Ryzen 5\Downloads\05-26-tms-frontend\vendor\codeigniter4\framework\system\CodeIgniter.php(419): CodeIgniter\CodeIgniter->runController(Object(App\Controllers\ReportController))
#7 C:\Users\Ryzen 5\Downloads\05-26-tms-frontend\vendor\codeigniter4\framework\system\CodeIgniter.php(326): CodeIgniter\CodeIgniter->handleRequest(NULL, Object(Config\Cache), false)
#8 C:\Users\Ryzen 5\Downloads\05-26-tms-frontend\public\index.php(37): CodeIgniter\CodeIgniter->run()
#9 C:\Users\Ryzen 5\Downloads\05-26-tms-frontend\vendor\codeigniter4\framework\system\Commands\Server\rewrite.php(43): require_once('C:\\Users\\Ryzen ...')
#10 {main}
CRITICAL - 2022-05-26 13:05:20 --> Undefined array key "role"
#0 C:\Users\Ryzen 5\Downloads\05-26-tms-frontend\app\Views\pages\report.php(94): CodeIgniter\Debug\Exceptions->errorHandler(2, 'Undefined array...', 'C:\\Users\\Ryzen ...', 94)
#1 C:\Users\Ryzen 5\Downloads\05-26-tms-frontend\vendor\codeigniter4\framework\system\View\View.php(210): include('C:\\Users\\Ryzen ...')
#2 C:\Users\Ryzen 5\Downloads\05-26-tms-frontend\vendor\codeigniter4\framework\system\View\View.php(213): CodeIgniter\View\View->CodeIgniter\View\{closure}()
#3 C:\Users\Ryzen 5\Downloads\05-26-tms-frontend\vendor\codeigniter4\framework\system\Common.php(1089): CodeIgniter\View\View->render('pages/report', Array, true)
#4 C:\Users\Ryzen 5\Downloads\05-26-tms-frontend\app\Controllers\ReportController.php(23): view('pages/report', Array)
#5 C:\Users\Ryzen 5\Downloads\05-26-tms-frontend\vendor\codeigniter4\framework\system\CodeIgniter.php(832): App\Controllers\ReportController->report()
#6 C:\Users\Ryzen 5\Downloads\05-26-tms-frontend\vendor\codeigniter4\framework\system\CodeIgniter.php(419): CodeIgniter\CodeIgniter->runController(Object(App\Controllers\ReportController))
#7 C:\Users\Ryzen 5\Downloads\05-26-tms-frontend\vendor\codeigniter4\framework\system\CodeIgniter.php(326): CodeIgniter\CodeIgniter->handleRequest(NULL, Object(Config\Cache), false)
#8 C:\Users\Ryzen 5\Downloads\05-26-tms-frontend\public\index.php(37): CodeIgniter\CodeIgniter->run()
#9 C:\Users\Ryzen 5\Downloads\05-26-tms-frontend\vendor\codeigniter4\framework\system\Commands\Server\rewrite.php(43): require_once('C:\\Users\\Ryzen ...')
#10 {main}
CRITICAL - 2022-05-26 13:39:53 --> Undefined array key "month"
#0 C:\Users\Ryzen 5\Downloads\05-26-tms-frontend\app\Views\pages\report.php(180): CodeIgniter\Debug\Exceptions->errorHandler(2, 'Undefined array...', 'C:\\Users\\Ryzen ...', 180)
#1 C:\Users\Ryzen 5\Downloads\05-26-tms-frontend\vendor\codeigniter4\framework\system\View\View.php(210): include('C:\\Users\\Ryzen ...')
#2 C:\Users\Ryzen 5\Downloads\05-26-tms-frontend\vendor\codeigniter4\framework\system\View\View.php(213): CodeIgniter\View\View->CodeIgniter\View\{closure}()
#3 C:\Users\Ryzen 5\Downloads\05-26-tms-frontend\vendor\codeigniter4\framework\system\Common.php(1089): CodeIgniter\View\View->render('pages/report', Array, true)
#4 C:\Users\Ryzen 5\Downloads\05-26-tms-frontend\app\Controllers\ReportController.php(23): view('pages/report', Array)
#5 C:\Users\Ryzen 5\Downloads\05-26-tms-frontend\vendor\codeigniter4\framework\system\CodeIgniter.php(832): App\Controllers\ReportController->report()
#6 C:\Users\Ryzen 5\Downloads\05-26-tms-frontend\vendor\codeigniter4\framework\system\CodeIgniter.php(419): CodeIgniter\CodeIgniter->runController(Object(App\Controllers\ReportController))
#7 C:\Users\Ryzen 5\Downloads\05-26-tms-frontend\vendor\codeigniter4\framework\system\CodeIgniter.php(326): CodeIgniter\CodeIgniter->handleRequest(NULL, Object(Config\Cache), false)
#8 C:\Users\Ryzen 5\Downloads\05-26-tms-frontend\public\index.php(37): CodeIgniter\CodeIgniter->run()
#9 C:\Users\Ryzen 5\Downloads\05-26-tms-frontend\vendor\codeigniter4\framework\system\Commands\Server\rewrite.php(43): require_once('C:\\Users\\Ryzen ...')
#10 {main}
CRITICAL - 2022-05-26 13:39:55 --> Undefined array key "month"
#0 C:\Users\Ryzen 5\Downloads\05-26-tms-frontend\app\Views\pages\report.php(180): CodeIgniter\Debug\Exceptions->errorHandler(2, 'Undefined array...', 'C:\\Users\\Ryzen ...', 180)
#1 C:\Users\Ryzen 5\Downloads\05-26-tms-frontend\vendor\codeigniter4\framework\system\View\View.php(210): include('C:\\Users\\Ryzen ...')
#2 C:\Users\Ryzen 5\Downloads\05-26-tms-frontend\vendor\codeigniter4\framework\system\View\View.php(213): CodeIgniter\View\View->CodeIgniter\View\{closure}()
#3 C:\Users\Ryzen 5\Downloads\05-26-tms-frontend\vendor\codeigniter4\framework\system\Common.php(1089): CodeIgniter\View\View->render('pages/report', Array, true)
#4 C:\Users\Ryzen 5\Downloads\05-26-tms-frontend\app\Controllers\ReportController.php(23): view('pages/report', Array)
#5 C:\Users\Ryzen 5\Downloads\05-26-tms-frontend\vendor\codeigniter4\framework\system\CodeIgniter.php(832): App\Controllers\ReportController->report()
#6 C:\Users\Ryzen 5\Downloads\05-26-tms-frontend\vendor\codeigniter4\framework\system\CodeIgniter.php(419): CodeIgniter\CodeIgniter->runController(Object(App\Controllers\ReportController))
#7 C:\Users\Ryzen 5\Downloads\05-26-tms-frontend\vendor\codeigniter4\framework\system\CodeIgniter.php(326): CodeIgniter\CodeIgniter->handleRequest(NULL, Object(Config\Cache), false)
#8 C:\Users\Ryzen 5\Downloads\05-26-tms-frontend\public\index.php(37): CodeIgniter\CodeIgniter->run()
#9 C:\Users\Ryzen 5\Downloads\05-26-tms-frontend\vendor\codeigniter4\framework\system\Commands\Server\rewrite.php(43): require_once('C:\\Users\\Ryzen ...')
#10 {main}
CRITICAL - 2022-05-26 13:54:41 --> Undefined array key "role"
#0 C:\Users\Ryzen 5\Downloads\05-26-tms-frontend\app\Views\pages\report.php(94): CodeIgniter\Debug\Exceptions->errorHandler(2, 'Undefined array...', 'C:\\Users\\Ryzen ...', 94)
#1 C:\Users\Ryzen 5\Downloads\05-26-tms-frontend\vendor\codeigniter4\framework\system\View\View.php(210): include('C:\\Users\\Ryzen ...')
#2 C:\Users\Ryzen 5\Downloads\05-26-tms-frontend\vendor\codeigniter4\framework\system\View\View.php(213): CodeIgniter\View\View->CodeIgniter\View\{closure}()
#3 C:\Users\Ryzen 5\Downloads\05-26-tms-frontend\vendor\codeigniter4\framework\system\Common.php(1089): CodeIgniter\View\View->render('pages/report', Array, true)
#4 C:\Users\Ryzen 5\Downloads\05-26-tms-frontend\app\Controllers\ReportController.php(23): view('pages/report', Array)
#5 C:\Users\Ryzen 5\Downloads\05-26-tms-frontend\vendor\codeigniter4\framework\system\CodeIgniter.php(832): App\Controllers\ReportController->report()
#6 C:\Users\Ryzen 5\Downloads\05-26-tms-frontend\vendor\codeigniter4\framework\system\CodeIgniter.php(419): CodeIgniter\CodeIgniter->runController(Object(App\Controllers\ReportController))
#7 C:\Users\Ryzen 5\Downloads\05-26-tms-frontend\vendor\codeigniter4\framework\system\CodeIgniter.php(326): CodeIgniter\CodeIgniter->handleRequest(NULL, Object(Config\Cache), false)
#8 C:\Users\Ryzen 5\Downloads\05-26-tms-frontend\public\index.php(37): CodeIgniter\CodeIgniter->run()
#9 C:\Users\Ryzen 5\Downloads\05-26-tms-frontend\vendor\codeigniter4\framework\system\Commands\Server\rewrite.php(43): require_once('C:\\Users\\Ryzen ...')
#10 {main}
CRITICAL - 2022-05-26 14:44:54 --> Undefined array key "month"
#0 C:\Users\Ryzen 5\Downloads\05-26-tms-frontend\app\Views\pages\report.php(171): CodeIgniter\Debug\Exceptions->errorHandler(2, 'Undefined array...', 'C:\\Users\\Ryzen ...', 171)
#1 C:\Users\Ryzen 5\Downloads\05-26-tms-frontend\vendor\codeigniter4\framework\system\View\View.php(210): include('C:\\Users\\Ryzen ...')
#2 C:\Users\Ryzen 5\Downloads\05-26-tms-frontend\vendor\codeigniter4\framework\system\View\View.php(213): CodeIgniter\View\View->CodeIgniter\View\{closure}()
#3 C:\Users\Ryzen 5\Downloads\05-26-tms-frontend\vendor\codeigniter4\framework\system\Common.php(1089): CodeIgniter\View\View->render('pages/report', Array, true)
#4 C:\Users\Ryzen 5\Downloads\05-26-tms-frontend\app\Controllers\ReportController.php(23): view('pages/report', Array)
#5 C:\Users\Ryzen 5\Downloads\05-26-tms-frontend\vendor\codeigniter4\framework\system\CodeIgniter.php(832): App\Controllers\ReportController->report()
#6 C:\Users\Ryzen 5\Downloads\05-26-tms-frontend\vendor\codeigniter4\framework\system\CodeIgniter.php(419): CodeIgniter\CodeIgniter->runController(Object(App\Controllers\ReportController))
#7 C:\Users\Ryzen 5\Downloads\05-26-tms-frontend\vendor\codeigniter4\framework\system\CodeIgniter.php(326): CodeIgniter\CodeIgniter->handleRequest(NULL, Object(Config\Cache), false)
#8 C:\Users\Ryzen 5\Downloads\05-26-tms-frontend\public\index.php(37): CodeIgniter\CodeIgniter->run()
#9 C:\Users\Ryzen 5\Downloads\05-26-tms-frontend\vendor\codeigniter4\framework\system\Commands\Server\rewrite.php(43): require_once('C:\\Users\\Ryzen ...')
#10 {main}
CRITICAL - 2022-05-26 14:44:57 --> Undefined array key "month"
#0 C:\Users\Ryzen 5\Downloads\05-26-tms-frontend\app\Views\pages\report.php(171): CodeIgniter\Debug\Exceptions->errorHandler(2, 'Undefined array...', 'C:\\Users\\Ryzen ...', 171)
#1 C:\Users\Ryzen 5\Downloads\05-26-tms-frontend\vendor\codeigniter4\framework\system\View\View.php(210): include('C:\\Users\\Ryzen ...')
#2 C:\Users\Ryzen 5\Downloads\05-26-tms-frontend\vendor\codeigniter4\framework\system\View\View.php(213): CodeIgniter\View\View->CodeIgniter\View\{closure}()
#3 C:\Users\Ryzen 5\Downloads\05-26-tms-frontend\vendor\codeigniter4\framework\system\Common.php(1089): CodeIgniter\View\View->render('pages/report', Array, true)
#4 C:\Users\Ryzen 5\Downloads\05-26-tms-frontend\app\Controllers\ReportController.php(23): view('pages/report', Array)
#5 C:\Users\Ryzen 5\Downloads\05-26-tms-frontend\vendor\codeigniter4\framework\system\CodeIgniter.php(832): App\Controllers\ReportController->report()
#6 C:\Users\Ryzen 5\Downloads\05-26-tms-frontend\vendor\codeigniter4\framework\system\CodeIgniter.php(419): CodeIgniter\CodeIgniter->runController(Object(App\Controllers\ReportController))
#7 C:\Users\Ryzen 5\Downloads\05-26-tms-frontend\vendor\codeigniter4\framework\system\CodeIgniter.php(326): CodeIgniter\CodeIgniter->handleRequest(NULL, Object(Config\Cache), false)
#8 C:\Users\Ryzen 5\Downloads\05-26-tms-frontend\public\index.php(37): CodeIgniter\CodeIgniter->run()
#9 C:\Users\Ryzen 5\Downloads\05-26-tms-frontend\vendor\codeigniter4\framework\system\Commands\Server\rewrite.php(43): require_once('C:\\Users\\Ryzen ...')
#10 {main}
CRITICAL - 2022-05-26 14:45:04 --> Undefined array key "month"
#0 C:\Users\Ryzen 5\Downloads\05-26-tms-frontend\app\Views\pages\report.php(171): CodeIgniter\Debug\Exceptions->errorHandler(2, 'Undefined array...', 'C:\\Users\\Ryzen ...', 171)
#1 C:\Users\Ryzen 5\Downloads\05-26-tms-frontend\vendor\codeigniter4\framework\system\View\View.php(210): include('C:\\Users\\Ryzen ...')
#2 C:\Users\Ryzen 5\Downloads\05-26-tms-frontend\vendor\codeigniter4\framework\system\View\View.php(213): CodeIgniter\View\View->CodeIgniter\View\{closure}()
#3 C:\Users\Ryzen 5\Downloads\05-26-tms-frontend\vendor\codeigniter4\framework\system\Common.php(1089): CodeIgniter\View\View->render('pages/report', Array, true)
#4 C:\Users\Ryzen 5\Downloads\05-26-tms-frontend\app\Controllers\ReportController.php(23): view('pages/report', Array)
#5 C:\Users\Ryzen 5\Downloads\05-26-tms-frontend\vendor\codeigniter4\framework\system\CodeIgniter.php(832): App\Controllers\ReportController->report()
#6 C:\Users\Ryzen 5\Downloads\05-26-tms-frontend\vendor\codeigniter4\framework\system\CodeIgniter.php(419): CodeIgniter\CodeIgniter->runController(Object(App\Controllers\ReportController))
#7 C:\Users\Ryzen 5\Downloads\05-26-tms-frontend\vendor\codeigniter4\framework\system\CodeIgniter.php(326): CodeIgniter\CodeIgniter->handleRequest(NULL, Object(Config\Cache), false)
#8 C:\Users\Ryzen 5\Downloads\05-26-tms-frontend\public\index.php(37): CodeIgniter\CodeIgniter->run()
#9 C:\Users\Ryzen 5\Downloads\05-26-tms-frontend\vendor\codeigniter4\framework\system\Commands\Server\rewrite.php(43): require_once('C:\\Users\\Ryzen ...')
#10 {main}
CRITICAL - 2022-05-26 14:45:42 --> Undefined array key "month"
#0 C:\Users\Ryzen 5\Downloads\05-26-tms-frontend\app\Views\pages\report.php(171): CodeIgniter\Debug\Exceptions->errorHandler(2, 'Undefined array...', 'C:\\Users\\Ryzen ...', 171)
#1 C:\Users\Ryzen 5\Downloads\05-26-tms-frontend\vendor\codeigniter4\framework\system\View\View.php(210): include('C:\\Users\\Ryzen ...')
#2 C:\Users\Ryzen 5\Downloads\05-26-tms-frontend\vendor\codeigniter4\framework\system\View\View.php(213): CodeIgniter\View\View->CodeIgniter\View\{closure}()
#3 C:\Users\Ryzen 5\Downloads\05-26-tms-frontend\vendor\codeigniter4\framework\system\Common.php(1089): CodeIgniter\View\View->render('pages/report', Array, true)
#4 C:\Users\Ryzen 5\Downloads\05-26-tms-frontend\app\Controllers\ReportController.php(23): view('pages/report', Array)
#5 C:\Users\Ryzen 5\Downloads\05-26-tms-frontend\vendor\codeigniter4\framework\system\CodeIgniter.php(832): App\Controllers\ReportController->report()
#6 C:\Users\Ryzen 5\Downloads\05-26-tms-frontend\vendor\codeigniter4\framework\system\CodeIgniter.php(419): CodeIgniter\CodeIgniter->runController(Object(App\Controllers\ReportController))
#7 C:\Users\Ryzen 5\Downloads\05-26-tms-frontend\vendor\codeigniter4\framework\system\CodeIgniter.php(326): CodeIgniter\CodeIgniter->handleRequest(NULL, Object(Config\Cache), false)
#8 C:\Users\Ryzen 5\Downloads\05-26-tms-frontend\public\index.php(37): CodeIgniter\CodeIgniter->run()
#9 C:\Users\Ryzen 5\Downloads\05-26-tms-frontend\vendor\codeigniter4\framework\system\Commands\Server\rewrite.php(43): require_once('C:\\Users\\Ryzen ...')
#10 {main}
CRITICAL - 2022-05-26 14:46:00 --> Undefined array key "month"
#0 C:\Users\Ryzen 5\Downloads\05-26-tms-frontend\app\Views\pages\report.php(171): CodeIgniter\Debug\Exceptions->errorHandler(2, 'Undefined array...', 'C:\\Users\\Ryzen ...', 171)
#1 C:\Users\Ryzen 5\Downloads\05-26-tms-frontend\vendor\codeigniter4\framework\system\View\View.php(210): include('C:\\Users\\Ryzen ...')
#2 C:\Users\Ryzen 5\Downloads\05-26-tms-frontend\vendor\codeigniter4\framework\system\View\View.php(213): CodeIgniter\View\View->CodeIgniter\View\{closure}()
#3 C:\Users\Ryzen 5\Downloads\05-26-tms-frontend\vendor\codeigniter4\framework\system\Common.php(1089): CodeIgniter\View\View->render('pages/report', Array, true)
#4 C:\Users\Ryzen 5\Downloads\05-26-tms-frontend\app\Controllers\ReportController.php(23): view('pages/report', Array)
#5 C:\Users\Ryzen 5\Downloads\05-26-tms-frontend\vendor\codeigniter4\framework\system\CodeIgniter.php(832): App\Controllers\ReportController->report()
#6 C:\Users\Ryzen 5\Downloads\05-26-tms-frontend\vendor\codeigniter4\framework\system\CodeIgniter.php(419): CodeIgniter\CodeIgniter->runController(Object(App\Controllers\ReportController))
#7 C:\Users\Ryzen 5\Downloads\05-26-tms-frontend\vendor\codeigniter4\framework\system\CodeIgniter.php(326): CodeIgniter\CodeIgniter->handleRequest(NULL, Object(Config\Cache), false)
#8 C:\Users\Ryzen 5\Downloads\05-26-tms-frontend\public\index.php(37): CodeIgniter\CodeIgniter->run()
#9 C:\Users\Ryzen 5\Downloads\05-26-tms-frontend\vendor\codeigniter4\framework\system\Commands\Server\rewrite.php(43): require_once('C:\\Users\\Ryzen ...')
#10 {main}
CRITICAL - 2022-05-26 14:48:24 --> Undefined array key "month"
#0 C:\Users\Ryzen 5\Downloads\05-26-tms-frontend\app\Views\pages\report.php(171): CodeIgniter\Debug\Exceptions->errorHandler(2, 'Undefined array...', 'C:\\Users\\Ryzen ...', 171)
#1 C:\Users\Ryzen 5\Downloads\05-26-tms-frontend\vendor\codeigniter4\framework\system\View\View.php(210): include('C:\\Users\\Ryzen ...')
#2 C:\Users\Ryzen 5\Downloads\05-26-tms-frontend\vendor\codeigniter4\framework\system\View\View.php(213): CodeIgniter\View\View->CodeIgniter\View\{closure}()
#3 C:\Users\Ryzen 5\Downloads\05-26-tms-frontend\vendor\codeigniter4\framework\system\Common.php(1089): CodeIgniter\View\View->render('pages/report', Array, true)
#4 C:\Users\Ryzen 5\Downloads\05-26-tms-frontend\app\Controllers\ReportController.php(23): view('pages/report', Array)
#5 C:\Users\Ryzen 5\Downloads\05-26-tms-frontend\vendor\codeigniter4\framework\system\CodeIgniter.php(832): App\Controllers\ReportController->report()
#6 C:\Users\Ryzen 5\Downloads\05-26-tms-frontend\vendor\codeigniter4\framework\system\CodeIgniter.php(419): CodeIgniter\CodeIgniter->runController(Object(App\Controllers\ReportController))
#7 C:\Users\Ryzen 5\Downloads\05-26-tms-frontend\vendor\codeigniter4\framework\system\CodeIgniter.php(326): CodeIgniter\CodeIgniter->handleRequest(NULL, Object(Config\Cache), false)
#8 C:\Users\Ryzen 5\Downloads\05-26-tms-frontend\public\index.php(37): CodeIgniter\CodeIgniter->run()
#9 C:\Users\Ryzen 5\Downloads\05-26-tms-frontend\vendor\codeigniter4\framework\system\Commands\Server\rewrite.php(43): require_once('C:\\Users\\Ryzen ...')
#10 {main}
CRITICAL - 2022-05-26 15:07:38 --> Unclosed '{' on line 5
#0 C:\Users\Ryzen 5\Downloads\05-26-tms-frontend\vendor\codeigniter4\framework\system\View\View.php(213): CodeIgniter\View\View->CodeIgniter\View\{closure}()
#1 C:\Users\Ryzen 5\Downloads\05-26-tms-frontend\vendor\codeigniter4\framework\system\Common.php(1089): CodeIgniter\View\View->render('script/report', Array, true)
#2 C:\Users\Ryzen 5\Downloads\05-26-tms-frontend\app\Controllers\ReportController.php(25): view('script/report', Array)
#3 C:\Users\Ryzen 5\Downloads\05-26-tms-frontend\vendor\codeigniter4\framework\system\CodeIgniter.php(832): App\Controllers\ReportController->report()
#4 C:\Users\Ryzen 5\Downloads\05-26-tms-frontend\vendor\codeigniter4\framework\system\CodeIgniter.php(419): CodeIgniter\CodeIgniter->runController(Object(App\Controllers\ReportController))
#5 C:\Users\Ryzen 5\Downloads\05-26-tms-frontend\vendor\codeigniter4\framework\system\CodeIgniter.php(326): CodeIgniter\CodeIgniter->handleRequest(NULL, Object(Config\Cache), false)
#6 C:\Users\Ryzen 5\Downloads\05-26-tms-frontend\public\index.php(37): CodeIgniter\CodeIgniter->run()
#7 C:\Users\Ryzen 5\Downloads\05-26-tms-frontend\vendor\codeigniter4\framework\system\Commands\Server\rewrite.php(43): require_once('C:\\Users\\Ryzen ...')
#8 {main}
CRITICAL - 2022-05-26 15:07:39 --> Unclosed '{' on line 5
#0 C:\Users\Ryzen 5\Downloads\05-26-tms-frontend\vendor\codeigniter4\framework\system\View\View.php(213): CodeIgniter\View\View->CodeIgniter\View\{closure}()
#1 C:\Users\Ryzen 5\Downloads\05-26-tms-frontend\vendor\codeigniter4\framework\system\Common.php(1089): CodeIgniter\View\View->render('script/report', Array, true)
#2 C:\Users\Ryzen 5\Downloads\05-26-tms-frontend\app\Controllers\ReportController.php(25): view('script/report', Array)
#3 C:\Users\Ryzen 5\Downloads\05-26-tms-frontend\vendor\codeigniter4\framework\system\CodeIgniter.php(832): App\Controllers\ReportController->report()
#4 C:\Users\Ryzen 5\Downloads\05-26-tms-frontend\vendor\codeigniter4\framework\system\CodeIgniter.php(419): CodeIgniter\CodeIgniter->runController(Object(App\Controllers\ReportController))
#5 C:\Users\Ryzen 5\Downloads\05-26-tms-frontend\vendor\codeigniter4\framework\system\CodeIgniter.php(326): CodeIgniter\CodeIgniter->handleRequest(NULL, Object(Config\Cache), false)
#6 C:\Users\Ryzen 5\Downloads\05-26-tms-frontend\public\index.php(37): CodeIgniter\CodeIgniter->run()
#7 C:\Users\Ryzen 5\Downloads\05-26-tms-frontend\vendor\codeigniter4\framework\system\Commands\Server\rewrite.php(43): require_once('C:\\Users\\Ryzen ...')
#8 {main}
CRITICAL - 2022-05-26 18:39:48 --> Undefined array key "role"
#0 C:\Users\Ryzen 5\Downloads\05-26-tms-frontend\app\Views\pages\dashboard.php(94): CodeIgniter\Debug\Exceptions->errorHandler(2, 'Undefined array...', 'C:\\Users\\Ryzen ...', 94)
#1 C:\Users\Ryzen 5\Downloads\05-26-tms-frontend\vendor\codeigniter4\framework\system\View\View.php(210): include('C:\\Users\\Ryzen ...')
#2 C:\Users\Ryzen 5\Downloads\05-26-tms-frontend\vendor\codeigniter4\framework\system\View\View.php(213): CodeIgniter\View\View->CodeIgniter\View\{closure}()
#3 C:\Users\Ryzen 5\Downloads\05-26-tms-frontend\vendor\codeigniter4\framework\system\Common.php(1089): CodeIgniter\View\View->render('pages/dashboard', Array, true)
#4 C:\Users\Ryzen 5\Downloads\05-26-tms-frontend\app\Controllers\UserController.php(82): view('pages/dashboard', Array)
#5 C:\Users\Ryzen 5\Downloads\05-26-tms-frontend\vendor\codeigniter4\framework\system\CodeIgniter.php(832): App\Controllers\UserController->dashboard()
#6 C:\Users\Ryzen 5\Downloads\05-26-tms-frontend\vendor\codeigniter4\framework\system\CodeIgniter.php(419): CodeIgniter\CodeIgniter->runController(Object(App\Controllers\UserController))
#7 C:\Users\Ryzen 5\Downloads\05-26-tms-frontend\vendor\codeigniter4\framework\system\CodeIgniter.php(326): CodeIgniter\CodeIgniter->handleRequest(NULL, Object(Config\Cache), false)
#8 C:\Users\Ryzen 5\Downloads\05-26-tms-frontend\public\index.php(37): CodeIgniter\CodeIgniter->run()
#9 C:\Users\Ryzen 5\Downloads\05-26-tms-frontend\vendor\codeigniter4\framework\system\Commands\Server\rewrite.php(43): require_once('C:\\Users\\Ryzen ...')
#10 {main}
CRITICAL - 2022-05-26 20:42:57 --> Undefined array key "role"
#0 C:\Users\Ryzen 5\Downloads\05-26-tms-frontend\app\Views\pages\report.php(95): CodeIgniter\Debug\Exceptions->errorHandler(2, 'Undefined array...', 'C:\\Users\\Ryzen ...', 95)
#1 C:\Users\Ryzen 5\Downloads\05-26-tms-frontend\vendor\codeigniter4\framework\system\View\View.php(210): include('C:\\Users\\Ryzen ...')
#2 C:\Users\Ryzen 5\Downloads\05-26-tms-frontend\vendor\codeigniter4\framework\system\View\View.php(213): CodeIgniter\View\View->CodeIgniter\View\{closure}()
#3 C:\Users\Ryzen 5\Downloads\05-26-tms-frontend\vendor\codeigniter4\framework\system\Common.php(1089): CodeIgniter\View\View->render('pages/report', Array, true)
#4 C:\Users\Ryzen 5\Downloads\05-26-tms-frontend\app\Controllers\ReportController.php(23): view('pages/report', Array)
#5 C:\Users\Ryzen 5\Downloads\05-26-tms-frontend\vendor\codeigniter4\framework\system\CodeIgniter.php(832): App\Controllers\ReportController->report()
#6 C:\Users\Ryzen 5\Downloads\05-26-tms-frontend\vendor\codeigniter4\framework\system\CodeIgniter.php(419): CodeIgniter\CodeIgniter->runController(Object(App\Controllers\ReportController))
#7 C:\Users\Ryzen 5\Downloads\05-26-tms-frontend\vendor\codeigniter4\framework\system\CodeIgniter.php(326): CodeIgniter\CodeIgniter->handleRequest(NULL, Object(Config\Cache), false)
#8 C:\Users\Ryzen 5\Downloads\05-26-tms-frontend\public\index.php(37): CodeIgniter\CodeIgniter->run()
#9 C:\Users\Ryzen 5\Downloads\05-26-tms-frontend\vendor\codeigniter4\framework\system\Commands\Server\rewrite.php(43): require_once('C:\\Users\\Ryzen ...')
#10 {main}
