CRITICAL - 2022-04-21 19:36:37 --> Undefined variable: domain
#0 D:\Documents\GitHub\tms-frontend\app\Views\templates\footer.php(32): CodeIgniter\Debug\Exceptions->errorHandler(8, 'Undefined varia...', 'D:\\Documents\\Gi...', 32, Array)
#1 D:\Documents\GitHub\tms-frontend\vendor\codeigniter4\framework\system\View\View.php(210): include('D:\\Documents\\Gi...')
#2 D:\Documents\GitHub\tms-frontend\vendor\codeigniter4\framework\system\View\View.php(213): CodeIgniter\View\View->CodeIgniter\View\{closure}()
#3 D:\Documents\GitHub\tms-frontend\vendor\codeigniter4\framework\system\Common.php(1089): CodeIgniter\View\View->render('templates/foote...', Array, true)
#4 D:\Documents\GitHub\tms-frontend\app\Controllers\Ticket.php(12): view('templates/foote...')
#5 D:\Documents\GitHub\tms-frontend\vendor\codeigniter4\framework\system\CodeIgniter.php(832): App\Controllers\Ticket->ticket()
#6 D:\Documents\GitHub\tms-frontend\vendor\codeigniter4\framework\system\CodeIgniter.php(419): CodeIgniter\CodeIgniter->runController(Object(App\Controllers\Ticket))
#7 D:\Documents\GitHub\tms-frontend\vendor\codeigniter4\framework\system\CodeIgniter.php(326): CodeIgniter\CodeIgniter->handleRequest(NULL, Object(Config\Cache), false)
#8 D:\Documents\GitHub\tms-frontend\public\index.php(37): CodeIgniter\CodeIgniter->run()
#9 D:\Documents\GitHub\tms-frontend\vendor\codeigniter4\framework\system\Commands\Server\rewrite.php(43): require_once('D:\\Documents\\Gi...')
#10 {main}
CRITICAL - 2022-04-21 19:37:28 --> Undefined variable: domain
#0 D:\Documents\GitHub\tms-frontend\app\Views\templates\footer.php(32): CodeIgniter\Debug\Exceptions->errorHandler(8, 'Undefined varia...', 'D:\\Documents\\Gi...', 32, Array)
#1 D:\Documents\GitHub\tms-frontend\vendor\codeigniter4\framework\system\View\View.php(210): include('D:\\Documents\\Gi...')
#2 D:\Documents\GitHub\tms-frontend\vendor\codeigniter4\framework\system\View\View.php(213): CodeIgniter\View\View->CodeIgniter\View\{closure}()
#3 D:\Documents\GitHub\tms-frontend\vendor\codeigniter4\framework\system\Common.php(1089): CodeIgniter\View\View->render('templates/foote...', Array, true)
#4 D:\Documents\GitHub\tms-frontend\app\Controllers\Ticket.php(12): view('templates/foote...')
#5 D:\Documents\GitHub\tms-frontend\vendor\codeigniter4\framework\system\CodeIgniter.php(832): App\Controllers\Ticket->ticket()
#6 D:\Documents\GitHub\tms-frontend\vendor\codeigniter4\framework\system\CodeIgniter.php(419): CodeIgniter\CodeIgniter->runController(Object(App\Controllers\Ticket))
#7 D:\Documents\GitHub\tms-frontend\vendor\codeigniter4\framework\system\CodeIgniter.php(326): CodeIgniter\CodeIgniter->handleRequest(NULL, Object(Config\Cache), false)
#8 D:\Documents\GitHub\tms-frontend\public\index.php(37): CodeIgniter\CodeIgniter->run()
#9 D:\Documents\GitHub\tms-frontend\vendor\codeigniter4\framework\system\Commands\Server\rewrite.php(43): require_once('D:\\Documents\\Gi...')
#10 {main}
CRITICAL - 2022-04-21 19:38:45 --> Undefined variable: domain
#0 D:\Documents\GitHub\tms-frontend\app\Views\templates\footer.php(32): CodeIgniter\Debug\Exceptions->errorHandler(8, 'Undefined varia...', 'D:\\Documents\\Gi...', 32, Array)
#1 D:\Documents\GitHub\tms-frontend\vendor\codeigniter4\framework\system\View\View.php(210): include('D:\\Documents\\Gi...')
#2 D:\Documents\GitHub\tms-frontend\vendor\codeigniter4\framework\system\View\View.php(213): CodeIgniter\View\View->CodeIgniter\View\{closure}()
#3 D:\Documents\GitHub\tms-frontend\vendor\codeigniter4\framework\system\Common.php(1089): CodeIgniter\View\View->render('templates/foote...', Array, true)
#4 D:\Documents\GitHub\tms-frontend\app\Controllers\Ticket.php(22): view('templates/foote...')
#5 D:\Documents\GitHub\tms-frontend\vendor\codeigniter4\framework\system\CodeIgniter.php(832): App\Controllers\Ticket->ticket()
#6 D:\Documents\GitHub\tms-frontend\vendor\codeigniter4\framework\system\CodeIgniter.php(419): CodeIgniter\CodeIgniter->runController(Object(App\Controllers\Ticket))
#7 D:\Documents\GitHub\tms-frontend\vendor\codeigniter4\framework\system\CodeIgniter.php(326): CodeIgniter\CodeIgniter->handleRequest(NULL, Object(Config\Cache), false)
#8 D:\Documents\GitHub\tms-frontend\public\index.php(37): CodeIgniter\CodeIgniter->run()
#9 D:\Documents\GitHub\tms-frontend\vendor\codeigniter4\framework\system\Commands\Server\rewrite.php(43): require_once('D:\\Documents\\Gi...')
#10 {main}
CRITICAL - 2022-04-21 19:44:13 --> Undefined variable: domain
#0 D:\Documents\GitHub\tms-frontend\app\Views\templates\footer.php(32): CodeIgniter\Debug\Exceptions->errorHandler(8, 'Undefined varia...', 'D:\\Documents\\Gi...', 32, Array)
#1 D:\Documents\GitHub\tms-frontend\vendor\codeigniter4\framework\system\View\View.php(210): include('D:\\Documents\\Gi...')
#2 D:\Documents\GitHub\tms-frontend\vendor\codeigniter4\framework\system\View\View.php(213): CodeIgniter\View\View->CodeIgniter\View\{closure}()
#3 D:\Documents\GitHub\tms-frontend\vendor\codeigniter4\framework\system\Common.php(1089): CodeIgniter\View\View->render('templates/foote...', Array, true)
#4 D:\Documents\GitHub\tms-frontend\app\Controllers\Ticket.php(22): view('templates/foote...')
#5 D:\Documents\GitHub\tms-frontend\vendor\codeigniter4\framework\system\CodeIgniter.php(832): App\Controllers\Ticket->ticket()
#6 D:\Documents\GitHub\tms-frontend\vendor\codeigniter4\framework\system\CodeIgniter.php(419): CodeIgniter\CodeIgniter->runController(Object(App\Controllers\Ticket))
#7 D:\Documents\GitHub\tms-frontend\vendor\codeigniter4\framework\system\CodeIgniter.php(326): CodeIgniter\CodeIgniter->handleRequest(NULL, Object(Config\Cache), false)
#8 D:\Documents\GitHub\tms-frontend\public\index.php(37): CodeIgniter\CodeIgniter->run()
#9 D:\Documents\GitHub\tms-frontend\vendor\codeigniter4\framework\system\Commands\Server\rewrite.php(43): require_once('D:\\Documents\\Gi...')
#10 {main}
