CRITICAL - 2022-05-23 00:43:05 --> Undefined variable $staff
#0 C:\Users\Ryzen 5\Desktop\frontend\051922-tms-frontend\app\Views\pages\report.php(186): CodeIgniter\Debug\Exceptions->errorHandler(2, 'Undefined varia...', 'C:\\Users\\Ryzen ...', 186)
#1 C:\Users\Ryzen 5\Desktop\frontend\051922-tms-frontend\vendor\codeigniter4\framework\system\View\View.php(210): include('C:\\Users\\Ryzen ...')
#2 C:\Users\Ryzen 5\Desktop\frontend\051922-tms-frontend\vendor\codeigniter4\framework\system\View\View.php(213): CodeIgniter\View\View->CodeIgniter\View\{closure}()
#3 C:\Users\Ryzen 5\Desktop\frontend\051922-tms-frontend\vendor\codeigniter4\framework\system\Common.php(1089): CodeIgniter\View\View->render('pages/report', Array, true)
#4 C:\Users\Ryzen 5\Desktop\frontend\051922-tms-frontend\app\Controllers\ReportController.php(23): view('pages/report', Array)
#5 C:\Users\Ryzen 5\Desktop\frontend\051922-tms-frontend\vendor\codeigniter4\framework\system\CodeIgniter.php(832): App\Controllers\ReportController->report()
#6 C:\Users\Ryzen 5\Desktop\frontend\051922-tms-frontend\vendor\codeigniter4\framework\system\CodeIgniter.php(419): CodeIgniter\CodeIgniter->runController(Object(App\Controllers\ReportController))
#7 C:\Users\Ryzen 5\Desktop\frontend\051922-tms-frontend\vendor\codeigniter4\framework\system\CodeIgniter.php(326): CodeIgniter\CodeIgniter->handleRequest(NULL, Object(Config\Cache), false)
#8 C:\Users\Ryzen 5\Desktop\frontend\051922-tms-frontend\public\index.php(37): CodeIgniter\CodeIgniter->run()
#9 C:\Users\Ryzen 5\Desktop\frontend\051922-tms-frontend\vendor\codeigniter4\framework\system\Commands\Server\rewrite.php(43): require_once('C:\\Users\\Ryzen ...')
#10 {main}
CRITICAL - 2022-05-23 00:58:42 --> Undefined array key "staff"
#0 C:\Users\Ryzen 5\Desktop\frontend\051922-tms-frontend\app\Views\pages\printreport.php(403): CodeIgniter\Debug\Exceptions->errorHandler(2, 'Undefined array...', 'C:\\Users\\Ryzen ...', 403)
#1 C:\Users\Ryzen 5\Desktop\frontend\051922-tms-frontend\vendor\codeigniter4\framework\system\View\View.php(210): include('C:\\Users\\Ryzen ...')
#2 C:\Users\Ryzen 5\Desktop\frontend\051922-tms-frontend\vendor\codeigniter4\framework\system\View\View.php(213): CodeIgniter\View\View->CodeIgniter\View\{closure}()
#3 C:\Users\Ryzen 5\Desktop\frontend\051922-tms-frontend\vendor\codeigniter4\framework\system\Common.php(1089): CodeIgniter\View\View->render('pages/printrepo...', Array, true)
#4 C:\Users\Ryzen 5\Desktop\frontend\051922-tms-frontend\app\Controllers\ReportController.php(63): view('pages/printrepo...', Array)
#5 C:\Users\Ryzen 5\Desktop\frontend\051922-tms-frontend\vendor\codeigniter4\framework\system\CodeIgniter.php(832): App\Controllers\ReportController->printreport()
#6 C:\Users\Ryzen 5\Desktop\frontend\051922-tms-frontend\vendor\codeigniter4\framework\system\CodeIgniter.php(419): CodeIgniter\CodeIgniter->runController(Object(App\Controllers\ReportController))
#7 C:\Users\Ryzen 5\Desktop\frontend\051922-tms-frontend\vendor\codeigniter4\framework\system\CodeIgniter.php(326): CodeIgniter\CodeIgniter->handleRequest(NULL, Object(Config\Cache), false)
#8 C:\Users\Ryzen 5\Desktop\frontend\051922-tms-frontend\public\index.php(37): CodeIgniter\CodeIgniter->run()
#9 C:\Users\Ryzen 5\Desktop\frontend\051922-tms-frontend\vendor\codeigniter4\framework\system\Commands\Server\rewrite.php(43): require_once('C:\\Users\\Ryzen ...')
#10 {main}
CRITICAL - 2022-05-23 01:16:32 --> Undefined array key "role"
#0 C:\Users\Ryzen 5\Desktop\frontend\051922-tms-frontend\app\Views\pages\report.php(181): CodeIgniter\Debug\Exceptions->errorHandler(2, 'Undefined array...', 'C:\\Users\\Ryzen ...', 181)
#1 C:\Users\Ryzen 5\Desktop\frontend\051922-tms-frontend\vendor\codeigniter4\framework\system\View\View.php(210): include('C:\\Users\\Ryzen ...')
#2 C:\Users\Ryzen 5\Desktop\frontend\051922-tms-frontend\vendor\codeigniter4\framework\system\View\View.php(213): CodeIgniter\View\View->CodeIgniter\View\{closure}()
#3 C:\Users\Ryzen 5\Desktop\frontend\051922-tms-frontend\vendor\codeigniter4\framework\system\Common.php(1089): CodeIgniter\View\View->render('pages/report', Array, true)
#4 C:\Users\Ryzen 5\Desktop\frontend\051922-tms-frontend\app\Controllers\ReportController.php(23): view('pages/report', Array)
#5 C:\Users\Ryzen 5\Desktop\frontend\051922-tms-frontend\vendor\codeigniter4\framework\system\CodeIgniter.php(832): App\Controllers\ReportController->report()
#6 C:\Users\Ryzen 5\Desktop\frontend\051922-tms-frontend\vendor\codeigniter4\framework\system\CodeIgniter.php(419): CodeIgniter\CodeIgniter->runController(Object(App\Controllers\ReportController))
#7 C:\Users\Ryzen 5\Desktop\frontend\051922-tms-frontend\vendor\codeigniter4\framework\system\CodeIgniter.php(326): CodeIgniter\CodeIgniter->handleRequest(NULL, Object(Config\Cache), false)
#8 C:\Users\Ryzen 5\Desktop\frontend\051922-tms-frontend\public\index.php(37): CodeIgniter\CodeIgniter->run()
#9 C:\Users\Ryzen 5\Desktop\frontend\051922-tms-frontend\vendor\codeigniter4\framework\system\Commands\Server\rewrite.php(43): require_once('C:\\Users\\Ryzen ...')
#10 {main}
CRITICAL - 2022-05-23 01:22:49 --> Undefined array key "staff"
#0 C:\Users\Ryzen 5\Desktop\frontend\051922-tms-frontend\app\Views\pages\printreport.php(403): CodeIgniter\Debug\Exceptions->errorHandler(2, 'Undefined array...', 'C:\\Users\\Ryzen ...', 403)
#1 C:\Users\Ryzen 5\Desktop\frontend\051922-tms-frontend\vendor\codeigniter4\framework\system\View\View.php(210): include('C:\\Users\\Ryzen ...')
#2 C:\Users\Ryzen 5\Desktop\frontend\051922-tms-frontend\vendor\codeigniter4\framework\system\View\View.php(213): CodeIgniter\View\View->CodeIgniter\View\{closure}()
#3 C:\Users\Ryzen 5\Desktop\frontend\051922-tms-frontend\vendor\codeigniter4\framework\system\Common.php(1089): CodeIgniter\View\View->render('pages/printrepo...', Array, true)
#4 C:\Users\Ryzen 5\Desktop\frontend\051922-tms-frontend\app\Controllers\ReportController.php(63): view('pages/printrepo...', Array)
#5 C:\Users\Ryzen 5\Desktop\frontend\051922-tms-frontend\vendor\codeigniter4\framework\system\CodeIgniter.php(832): App\Controllers\ReportController->printreport()
#6 C:\Users\Ryzen 5\Desktop\frontend\051922-tms-frontend\vendor\codeigniter4\framework\system\CodeIgniter.php(419): CodeIgniter\CodeIgniter->runController(Object(App\Controllers\ReportController))
#7 C:\Users\Ryzen 5\Desktop\frontend\051922-tms-frontend\vendor\codeigniter4\framework\system\CodeIgniter.php(326): CodeIgniter\CodeIgniter->handleRequest(NULL, Object(Config\Cache), false)
#8 C:\Users\Ryzen 5\Desktop\frontend\051922-tms-frontend\public\index.php(37): CodeIgniter\CodeIgniter->run()
#9 C:\Users\Ryzen 5\Desktop\frontend\051922-tms-frontend\vendor\codeigniter4\framework\system\Commands\Server\rewrite.php(43): require_once('C:\\Users\\Ryzen ...')
#10 {main}
CRITICAL - 2022-05-23 01:26:17 --> Undefined array key "staff"
#0 C:\Users\Ryzen 5\Desktop\frontend\051922-tms-frontend\app\Views\pages\printreport.php(403): CodeIgniter\Debug\Exceptions->errorHandler(2, 'Undefined array...', 'C:\\Users\\Ryzen ...', 403)
#1 C:\Users\Ryzen 5\Desktop\frontend\051922-tms-frontend\vendor\codeigniter4\framework\system\View\View.php(210): include('C:\\Users\\Ryzen ...')
#2 C:\Users\Ryzen 5\Desktop\frontend\051922-tms-frontend\vendor\codeigniter4\framework\system\View\View.php(213): CodeIgniter\View\View->CodeIgniter\View\{closure}()
#3 C:\Users\Ryzen 5\Desktop\frontend\051922-tms-frontend\vendor\codeigniter4\framework\system\Common.php(1089): CodeIgniter\View\View->render('pages/printrepo...', Array, true)
#4 C:\Users\Ryzen 5\Desktop\frontend\051922-tms-frontend\app\Controllers\ReportController.php(63): view('pages/printrepo...', Array)
#5 C:\Users\Ryzen 5\Desktop\frontend\051922-tms-frontend\vendor\codeigniter4\framework\system\CodeIgniter.php(832): App\Controllers\ReportController->printreport()
#6 C:\Users\Ryzen 5\Desktop\frontend\051922-tms-frontend\vendor\codeigniter4\framework\system\CodeIgniter.php(419): CodeIgniter\CodeIgniter->runController(Object(App\Controllers\ReportController))
#7 C:\Users\Ryzen 5\Desktop\frontend\051922-tms-frontend\vendor\codeigniter4\framework\system\CodeIgniter.php(326): CodeIgniter\CodeIgniter->handleRequest(NULL, Object(Config\Cache), false)
#8 C:\Users\Ryzen 5\Desktop\frontend\051922-tms-frontend\public\index.php(37): CodeIgniter\CodeIgniter->run()
#9 C:\Users\Ryzen 5\Desktop\frontend\051922-tms-frontend\vendor\codeigniter4\framework\system\Commands\Server\rewrite.php(43): require_once('C:\\Users\\Ryzen ...')
#10 {main}
CRITICAL - 2022-05-23 01:33:03 --> Undefined array key "staff"
#0 C:\Users\Ryzen 5\Desktop\frontend\051922-tms-frontend\app\Views\pages\printreport.php(403): CodeIgniter\Debug\Exceptions->errorHandler(2, 'Undefined array...', 'C:\\Users\\Ryzen ...', 403)
#1 C:\Users\Ryzen 5\Desktop\frontend\051922-tms-frontend\vendor\codeigniter4\framework\system\View\View.php(210): include('C:\\Users\\Ryzen ...')
#2 C:\Users\Ryzen 5\Desktop\frontend\051922-tms-frontend\vendor\codeigniter4\framework\system\View\View.php(213): CodeIgniter\View\View->CodeIgniter\View\{closure}()
#3 C:\Users\Ryzen 5\Desktop\frontend\051922-tms-frontend\vendor\codeigniter4\framework\system\Common.php(1089): CodeIgniter\View\View->render('pages/printrepo...', Array, true)
#4 C:\Users\Ryzen 5\Desktop\frontend\051922-tms-frontend\app\Controllers\ReportController.php(63): view('pages/printrepo...', Array)
#5 C:\Users\Ryzen 5\Desktop\frontend\051922-tms-frontend\vendor\codeigniter4\framework\system\CodeIgniter.php(832): App\Controllers\ReportController->printreport()
#6 C:\Users\Ryzen 5\Desktop\frontend\051922-tms-frontend\vendor\codeigniter4\framework\system\CodeIgniter.php(419): CodeIgniter\CodeIgniter->runController(Object(App\Controllers\ReportController))
#7 C:\Users\Ryzen 5\Desktop\frontend\051922-tms-frontend\vendor\codeigniter4\framework\system\CodeIgniter.php(326): CodeIgniter\CodeIgniter->handleRequest(NULL, Object(Config\Cache), false)
#8 C:\Users\Ryzen 5\Desktop\frontend\051922-tms-frontend\public\index.php(37): CodeIgniter\CodeIgniter->run()
#9 C:\Users\Ryzen 5\Desktop\frontend\051922-tms-frontend\vendor\codeigniter4\framework\system\Commands\Server\rewrite.php(43): require_once('C:\\Users\\Ryzen ...')
#10 {main}
CRITICAL - 2022-05-23 01:45:04 --> Undefined array key "role"
#0 C:\Users\Ryzen 5\Desktop\frontend\051922-tms-frontend\app\Views\pages\report.php(182): CodeIgniter\Debug\Exceptions->errorHandler(2, 'Undefined array...', 'C:\\Users\\Ryzen ...', 182)
#1 C:\Users\Ryzen 5\Desktop\frontend\051922-tms-frontend\vendor\codeigniter4\framework\system\View\View.php(210): include('C:\\Users\\Ryzen ...')
#2 C:\Users\Ryzen 5\Desktop\frontend\051922-tms-frontend\vendor\codeigniter4\framework\system\View\View.php(213): CodeIgniter\View\View->CodeIgniter\View\{closure}()
#3 C:\Users\Ryzen 5\Desktop\frontend\051922-tms-frontend\vendor\codeigniter4\framework\system\Common.php(1089): CodeIgniter\View\View->render('pages/report', Array, true)
#4 C:\Users\Ryzen 5\Desktop\frontend\051922-tms-frontend\app\Controllers\ReportController.php(23): view('pages/report', Array)
#5 C:\Users\Ryzen 5\Desktop\frontend\051922-tms-frontend\vendor\codeigniter4\framework\system\CodeIgniter.php(832): App\Controllers\ReportController->report()
#6 C:\Users\Ryzen 5\Desktop\frontend\051922-tms-frontend\vendor\codeigniter4\framework\system\CodeIgniter.php(419): CodeIgniter\CodeIgniter->runController(Object(App\Controllers\ReportController))
#7 C:\Users\Ryzen 5\Desktop\frontend\051922-tms-frontend\vendor\codeigniter4\framework\system\CodeIgniter.php(326): CodeIgniter\CodeIgniter->handleRequest(NULL, Object(Config\Cache), false)
#8 C:\Users\Ryzen 5\Desktop\frontend\051922-tms-frontend\public\index.php(37): CodeIgniter\CodeIgniter->run()
#9 C:\Users\Ryzen 5\Desktop\frontend\051922-tms-frontend\vendor\codeigniter4\framework\system\Commands\Server\rewrite.php(43): require_once('C:\\Users\\Ryzen ...')
#10 {main}
CRITICAL - 2022-05-23 03:26:58 --> Undefined array key "role"
#0 C:\Users\Ryzen 5\Desktop\frontend\051922-tms-frontend\app\Views\pages\tickets.php(125): CodeIgniter\Debug\Exceptions->errorHandler(2, 'Undefined array...', 'C:\\Users\\Ryzen ...', 125)
#1 C:\Users\Ryzen 5\Desktop\frontend\051922-tms-frontend\vendor\codeigniter4\framework\system\View\View.php(210): include('C:\\Users\\Ryzen ...')
#2 C:\Users\Ryzen 5\Desktop\frontend\051922-tms-frontend\vendor\codeigniter4\framework\system\View\View.php(213): CodeIgniter\View\View->CodeIgniter\View\{closure}()
#3 C:\Users\Ryzen 5\Desktop\frontend\051922-tms-frontend\vendor\codeigniter4\framework\system\Common.php(1089): CodeIgniter\View\View->render('pages/tickets', Array, true)
#4 C:\Users\Ryzen 5\Desktop\frontend\051922-tms-frontend\app\Controllers\Tickets.php(21): view('pages/tickets')
#5 C:\Users\Ryzen 5\Desktop\frontend\051922-tms-frontend\vendor\codeigniter4\framework\system\CodeIgniter.php(832): App\Controllers\Tickets->tickets()
#6 C:\Users\Ryzen 5\Desktop\frontend\051922-tms-frontend\vendor\codeigniter4\framework\system\CodeIgniter.php(419): CodeIgniter\CodeIgniter->runController(Object(App\Controllers\Tickets))
#7 C:\Users\Ryzen 5\Desktop\frontend\051922-tms-frontend\vendor\codeigniter4\framework\system\CodeIgniter.php(326): CodeIgniter\CodeIgniter->handleRequest(NULL, Object(Config\Cache), false)
#8 C:\Users\Ryzen 5\Desktop\frontend\051922-tms-frontend\public\index.php(37): CodeIgniter\CodeIgniter->run()
#9 C:\Users\Ryzen 5\Desktop\frontend\051922-tms-frontend\vendor\codeigniter4\framework\system\Commands\Server\rewrite.php(43): require_once('C:\\Users\\Ryzen ...')
#10 {main}
CRITICAL - 2022-05-23 03:45:15 --> Unsupported operand types: string + string
#0 C:\Users\Ryzen 5\Desktop\frontend\051922-tms-frontend\vendor\codeigniter4\framework\system\View\View.php(210): include()
#1 C:\Users\Ryzen 5\Desktop\frontend\051922-tms-frontend\vendor\codeigniter4\framework\system\View\View.php(213): CodeIgniter\View\View->CodeIgniter\View\{closure}()
#2 C:\Users\Ryzen 5\Desktop\frontend\051922-tms-frontend\vendor\codeigniter4\framework\system\Common.php(1089): CodeIgniter\View\View->render('script/login', Array, true)
#3 C:\Users\Ryzen 5\Desktop\frontend\051922-tms-frontend\app\Controllers\UserController.php(36): view('script/login', Array)
#4 C:\Users\Ryzen 5\Desktop\frontend\051922-tms-frontend\vendor\codeigniter4\framework\system\CodeIgniter.php(832): App\Controllers\UserController->index()
#5 C:\Users\Ryzen 5\Desktop\frontend\051922-tms-frontend\vendor\codeigniter4\framework\system\CodeIgniter.php(419): CodeIgniter\CodeIgniter->runController(Object(App\Controllers\UserController))
#6 C:\Users\Ryzen 5\Desktop\frontend\051922-tms-frontend\vendor\codeigniter4\framework\system\CodeIgniter.php(326): CodeIgniter\CodeIgniter->handleRequest(NULL, Object(Config\Cache), false)
#7 C:\Users\Ryzen 5\Desktop\frontend\051922-tms-frontend\public\index.php(37): CodeIgniter\CodeIgniter->run()
#8 C:\Users\Ryzen 5\Desktop\frontend\051922-tms-frontend\vendor\codeigniter4\framework\system\Commands\Server\rewrite.php(43): require_once('C:\\Users\\Ryzen ...')
#9 {main}
