CRITICAL - 2022-05-25 05:05:46 --> Undefined index: role
#0 D:\Desktop\052422-tms-frontend\app\Views\pages\report.php(182): CodeIgniter\Debug\Exceptions->errorHandler(8, 'Undefined index...', 'D:\\Desktop\\0524...', 182, Array)
#1 D:\Desktop\052422-tms-frontend\vendor\codeigniter4\framework\system\View\View.php(210): include('D:\\Desktop\\0524...')
#2 D:\Desktop\052422-tms-frontend\vendor\codeigniter4\framework\system\View\View.php(213): CodeIgniter\View\View->CodeIgniter\View\{closure}()
#3 D:\Desktop\052422-tms-frontend\vendor\codeigniter4\framework\system\Common.php(1089): CodeIgniter\View\View->render('pages/report', Array, true)
#4 D:\Desktop\052422-tms-frontend\app\Controllers\ReportController.php(23): view('pages/report', Array)
#5 D:\Desktop\052422-tms-frontend\vendor\codeigniter4\framework\system\CodeIgniter.php(832): App\Controllers\ReportController->report()
#6 D:\Desktop\052422-tms-frontend\vendor\codeigniter4\framework\system\CodeIgniter.php(419): CodeIgniter\CodeIgniter->runController(Object(App\Controllers\ReportController))
#7 D:\Desktop\052422-tms-frontend\vendor\codeigniter4\framework\system\CodeIgniter.php(326): CodeIgniter\CodeIgniter->handleRequest(NULL, Object(Config\Cache), false)
#8 D:\Desktop\052422-tms-frontend\public\index.php(37): CodeIgniter\CodeIgniter->run()
#9 D:\Desktop\052422-tms-frontend\vendor\codeigniter4\framework\system\Commands\Server\rewrite.php(43): require_once('D:\\Desktop\\0524...')
#10 {main}
CRITICAL - 2022-05-25 06:29:20 --> Undefined index: role
#0 D:\Desktop\052422-tms-frontend\app\Views\pages\report.php(182): CodeIgniter\Debug\Exceptions->errorHandler(8, 'Undefined index...', 'D:\\Desktop\\0524...', 182, Array)
#1 D:\Desktop\052422-tms-frontend\vendor\codeigniter4\framework\system\View\View.php(210): include('D:\\Desktop\\0524...')
#2 D:\Desktop\052422-tms-frontend\vendor\codeigniter4\framework\system\View\View.php(213): CodeIgniter\View\View->CodeIgniter\View\{closure}()
#3 D:\Desktop\052422-tms-frontend\vendor\codeigniter4\framework\system\Common.php(1089): CodeIgniter\View\View->render('pages/report', Array, true)
#4 D:\Desktop\052422-tms-frontend\app\Controllers\ReportController.php(23): view('pages/report', Array)
#5 D:\Desktop\052422-tms-frontend\vendor\codeigniter4\framework\system\CodeIgniter.php(832): App\Controllers\ReportController->report()
#6 D:\Desktop\052422-tms-frontend\vendor\codeigniter4\framework\system\CodeIgniter.php(419): CodeIgniter\CodeIgniter->runController(Object(App\Controllers\ReportController))
#7 D:\Desktop\052422-tms-frontend\vendor\codeigniter4\framework\system\CodeIgniter.php(326): CodeIgniter\CodeIgniter->handleRequest(NULL, Object(Config\Cache), false)
#8 D:\Desktop\052422-tms-frontend\public\index.php(37): CodeIgniter\CodeIgniter->run()
#9 D:\Desktop\052422-tms-frontend\vendor\codeigniter4\framework\system\Commands\Server\rewrite.php(43): require_once('D:\\Desktop\\0524...')
#10 {main}
CRITICAL - 2022-05-25 07:29:38 --> Undefined index: role
#0 D:\Desktop\052422-tms-frontend\app\Views\pages\dashboard.php(122): CodeIgniter\Debug\Exceptions->errorHandler(8, 'Undefined index...', 'D:\\Desktop\\0524...', 122, Array)
#1 D:\Desktop\052422-tms-frontend\vendor\codeigniter4\framework\system\View\View.php(210): include('D:\\Desktop\\0524...')
#2 D:\Desktop\052422-tms-frontend\vendor\codeigniter4\framework\system\View\View.php(213): CodeIgniter\View\View->CodeIgniter\View\{closure}()
#3 D:\Desktop\052422-tms-frontend\vendor\codeigniter4\framework\system\Common.php(1089): CodeIgniter\View\View->render('pages/dashboard', Array, true)
#4 D:\Desktop\052422-tms-frontend\app\Controllers\UserController.php(83): view('pages/dashboard', Array)
#5 D:\Desktop\052422-tms-frontend\vendor\codeigniter4\framework\system\CodeIgniter.php(832): App\Controllers\UserController->dashboard()
#6 D:\Desktop\052422-tms-frontend\vendor\codeigniter4\framework\system\CodeIgniter.php(419): CodeIgniter\CodeIgniter->runController(Object(App\Controllers\UserController))
#7 D:\Desktop\052422-tms-frontend\vendor\codeigniter4\framework\system\CodeIgniter.php(326): CodeIgniter\CodeIgniter->handleRequest(NULL, Object(Config\Cache), false)
#8 D:\Desktop\052422-tms-frontend\public\index.php(37): CodeIgniter\CodeIgniter->run()
#9 D:\Desktop\052422-tms-frontend\vendor\codeigniter4\framework\system\Commands\Server\rewrite.php(43): require_once('D:\\Desktop\\0524...')
#10 {main}
CRITICAL - 2022-05-25 08:30:00 --> Undefined index: role
#0 D:\Desktop\052422-tms-frontend\app\Views\pages\report.php(182): CodeIgniter\Debug\Exceptions->errorHandler(8, 'Undefined index...', 'D:\\Desktop\\0524...', 182, Array)
#1 D:\Desktop\052422-tms-frontend\vendor\codeigniter4\framework\system\View\View.php(210): include('D:\\Desktop\\0524...')
#2 D:\Desktop\052422-tms-frontend\vendor\codeigniter4\framework\system\View\View.php(213): CodeIgniter\View\View->CodeIgniter\View\{closure}()
#3 D:\Desktop\052422-tms-frontend\vendor\codeigniter4\framework\system\Common.php(1089): CodeIgniter\View\View->render('pages/report', Array, true)
#4 D:\Desktop\052422-tms-frontend\app\Controllers\ReportController.php(23): view('pages/report', Array)
#5 D:\Desktop\052422-tms-frontend\vendor\codeigniter4\framework\system\CodeIgniter.php(832): App\Controllers\ReportController->report()
#6 D:\Desktop\052422-tms-frontend\vendor\codeigniter4\framework\system\CodeIgniter.php(419): CodeIgniter\CodeIgniter->runController(Object(App\Controllers\ReportController))
#7 D:\Desktop\052422-tms-frontend\vendor\codeigniter4\framework\system\CodeIgniter.php(326): CodeIgniter\CodeIgniter->handleRequest(NULL, Object(Config\Cache), false)
#8 D:\Desktop\052422-tms-frontend\public\index.php(37): CodeIgniter\CodeIgniter->run()
#9 D:\Desktop\052422-tms-frontend\vendor\codeigniter4\framework\system\Commands\Server\rewrite.php(43): require_once('D:\\Desktop\\0524...')
#10 {main}
CRITICAL - 2022-05-25 11:43:10 --> Undefined index: role
#0 C:\Users\Rzyen 3\Downloads\052522-tms-frontend\app\Views\pages\report.php(95): CodeIgniter\Debug\Exceptions->errorHandler(8, 'Undefined index...', 'C:\\Users\\Rzyen ...', 95, Array)
#1 C:\Users\Rzyen 3\Downloads\052522-tms-frontend\vendor\codeigniter4\framework\system\View\View.php(210): include('C:\\Users\\Rzyen ...')
#2 C:\Users\Rzyen 3\Downloads\052522-tms-frontend\vendor\codeigniter4\framework\system\View\View.php(213): CodeIgniter\View\View->CodeIgniter\View\{closure}()
#3 C:\Users\Rzyen 3\Downloads\052522-tms-frontend\vendor\codeigniter4\framework\system\Common.php(1089): CodeIgniter\View\View->render('pages/report', Array, true)
#4 C:\Users\Rzyen 3\Downloads\052522-tms-frontend\app\Controllers\ReportController.php(23): view('pages/report', Array)
#5 C:\Users\Rzyen 3\Downloads\052522-tms-frontend\vendor\codeigniter4\framework\system\CodeIgniter.php(832): App\Controllers\ReportController->report()
#6 C:\Users\Rzyen 3\Downloads\052522-tms-frontend\vendor\codeigniter4\framework\system\CodeIgniter.php(419): CodeIgniter\CodeIgniter->runController(Object(App\Controllers\ReportController))
#7 C:\Users\Rzyen 3\Downloads\052522-tms-frontend\vendor\codeigniter4\framework\system\CodeIgniter.php(326): CodeIgniter\CodeIgniter->handleRequest(NULL, Object(Config\Cache), false)
#8 C:\Users\Rzyen 3\Downloads\052522-tms-frontend\public\index.php(37): CodeIgniter\CodeIgniter->run()
#9 C:\Users\Rzyen 3\Downloads\052522-tms-frontend\vendor\codeigniter4\framework\system\Commands\Server\rewrite.php(43): require_once('C:\\Users\\Rzyen ...')
#10 {main}
