<<<<<<< Updated upstream
CRITICAL - 2022-04-18 17:03:14 --> Call to undefined function CodeIgniter\locale_set_default()
#0 C:\xampp\htdocs\tms_front\tms-frontend\vendor\codeigniter4\framework\system\bootstrap.php(146): CodeIgniter\CodeIgniter->initialize()
#1 C:\xampp\htdocs\tms_front\tms-frontend\spark(45): require('C:\\xampp\\htdocs...')
#2 {main}
CRITICAL - 2022-04-18 10:19:10 --> Undefined index: user
#0 C:\xampp\htdocs\tms_front\tms-frontend\app\Views\pages\dashboard.php(2): CodeIgniter\Debug\Exceptions->errorHandler(8, 'Undefined index...', 'C:\\xampp\\htdocs...', 2, Array)
#1 C:\xampp\htdocs\tms_front\tms-frontend\vendor\codeigniter4\framework\system\View\View.php(210): include('C:\\xampp\\htdocs...')
#2 C:\xampp\htdocs\tms_front\tms-frontend\vendor\codeigniter4\framework\system\View\View.php(213): CodeIgniter\View\View->CodeIgniter\View\{closure}()
#3 C:\xampp\htdocs\tms_front\tms-frontend\vendor\codeigniter4\framework\system\Common.php(1089): CodeIgniter\View\View->render('pages/dashboard', Array, true)
#4 C:\xampp\htdocs\tms_front\tms-frontend\app\Controllers\user_controller.php(53): view('pages/dashboard', Array)
#5 C:\xampp\htdocs\tms_front\tms-frontend\vendor\codeigniter4\framework\system\CodeIgniter.php(832): App\Controllers\user_controller->dashboard()
#6 C:\xampp\htdocs\tms_front\tms-frontend\vendor\codeigniter4\framework\system\CodeIgniter.php(419): CodeIgniter\CodeIgniter->runController(Object(App\Controllers\user_controller))
#7 C:\xampp\htdocs\tms_front\tms-frontend\vendor\codeigniter4\framework\system\CodeIgniter.php(326): CodeIgniter\CodeIgniter->handleRequest(NULL, Object(Config\Cache), false)
#8 C:\xampp\htdocs\tms_front\tms-frontend\public\index.php(37): CodeIgniter\CodeIgniter->run()
#9 C:\xampp\htdocs\tms_front\tms-frontend\vendor\codeigniter4\framework\system\Commands\Server\rewrite.php(43): require_once('C:\\xampp\\htdocs...')
#10 {main}
CRITICAL - 2022-04-18 11:28:57 --> Undefined variable: user
#0 C:\xampp\htdocs\tms_front\tms-frontend\app\Views\pages\dashboard.php(12): CodeIgniter\Debug\Exceptions->errorHandler(8, 'Undefined varia...', 'C:\\xampp\\htdocs...', 12, Array)
#1 C:\xampp\htdocs\tms_front\tms-frontend\vendor\codeigniter4\framework\system\View\View.php(210): include('C:\\xampp\\htdocs...')
#2 C:\xampp\htdocs\tms_front\tms-frontend\vendor\codeigniter4\framework\system\View\View.php(213): CodeIgniter\View\View->CodeIgniter\View\{closure}()
#3 C:\xampp\htdocs\tms_front\tms-frontend\vendor\codeigniter4\framework\system\Common.php(1089): CodeIgniter\View\View->render('pages/dashboard', Array, true)
#4 C:\xampp\htdocs\tms_front\tms-frontend\app\Controllers\user_controller.php(54): view('pages/dashboard', Array)
#5 C:\xampp\htdocs\tms_front\tms-frontend\vendor\codeigniter4\framework\system\CodeIgniter.php(832): App\Controllers\user_controller->dashboard()
#6 C:\xampp\htdocs\tms_front\tms-frontend\vendor\codeigniter4\framework\system\CodeIgniter.php(419): CodeIgniter\CodeIgniter->runController(Object(App\Controllers\user_controller))
#7 C:\xampp\htdocs\tms_front\tms-frontend\vendor\codeigniter4\framework\system\CodeIgniter.php(326): CodeIgniter\CodeIgniter->handleRequest(NULL, Object(Config\Cache), false)
#8 C:\xampp\htdocs\tms_front\tms-frontend\public\index.php(37): CodeIgniter\CodeIgniter->run()
#9 C:\xampp\htdocs\tms_front\tms-frontend\vendor\codeigniter4\framework\system\Commands\Server\rewrite.php(43): require_once('C:\\xampp\\htdocs...')
#10 {main}
CRITICAL - 2022-04-18 11:29:03 --> Undefined variable: user
#0 C:\xampp\htdocs\tms_front\tms-frontend\app\Views\pages\dashboard.php(12): CodeIgniter\Debug\Exceptions->errorHandler(8, 'Undefined varia...', 'C:\\xampp\\htdocs...', 12, Array)
#1 C:\xampp\htdocs\tms_front\tms-frontend\vendor\codeigniter4\framework\system\View\View.php(210): include('C:\\xampp\\htdocs...')
#2 C:\xampp\htdocs\tms_front\tms-frontend\vendor\codeigniter4\framework\system\View\View.php(213): CodeIgniter\View\View->CodeIgniter\View\{closure}()
#3 C:\xampp\htdocs\tms_front\tms-frontend\vendor\codeigniter4\framework\system\Common.php(1089): CodeIgniter\View\View->render('pages/dashboard', Array, true)
#4 C:\xampp\htdocs\tms_front\tms-frontend\app\Controllers\user_controller.php(54): view('pages/dashboard', Array)
#5 C:\xampp\htdocs\tms_front\tms-frontend\vendor\codeigniter4\framework\system\CodeIgniter.php(832): App\Controllers\user_controller->dashboard()
#6 C:\xampp\htdocs\tms_front\tms-frontend\vendor\codeigniter4\framework\system\CodeIgniter.php(419): CodeIgniter\CodeIgniter->runController(Object(App\Controllers\user_controller))
#7 C:\xampp\htdocs\tms_front\tms-frontend\vendor\codeigniter4\framework\system\CodeIgniter.php(326): CodeIgniter\CodeIgniter->handleRequest(NULL, Object(Config\Cache), false)
#8 C:\xampp\htdocs\tms_front\tms-frontend\public\index.php(37): CodeIgniter\CodeIgniter->run()
#9 C:\xampp\htdocs\tms_front\tms-frontend\vendor\codeigniter4\framework\system\Commands\Server\rewrite.php(43): require_once('C:\\xampp\\htdocs...')
#10 {main}
CRITICAL - 2022-04-18 11:29:04 --> Undefined variable: user
#0 C:\xampp\htdocs\tms_front\tms-frontend\app\Views\pages\dashboard.php(12): CodeIgniter\Debug\Exceptions->errorHandler(8, 'Undefined varia...', 'C:\\xampp\\htdocs...', 12, Array)
#1 C:\xampp\htdocs\tms_front\tms-frontend\vendor\codeigniter4\framework\system\View\View.php(210): include('C:\\xampp\\htdocs...')
#2 C:\xampp\htdocs\tms_front\tms-frontend\vendor\codeigniter4\framework\system\View\View.php(213): CodeIgniter\View\View->CodeIgniter\View\{closure}()
#3 C:\xampp\htdocs\tms_front\tms-frontend\vendor\codeigniter4\framework\system\Common.php(1089): CodeIgniter\View\View->render('pages/dashboard', Array, true)
#4 C:\xampp\htdocs\tms_front\tms-frontend\app\Controllers\user_controller.php(54): view('pages/dashboard', Array)
#5 C:\xampp\htdocs\tms_front\tms-frontend\vendor\codeigniter4\framework\system\CodeIgniter.php(832): App\Controllers\user_controller->dashboard()
#6 C:\xampp\htdocs\tms_front\tms-frontend\vendor\codeigniter4\framework\system\CodeIgniter.php(419): CodeIgniter\CodeIgniter->runController(Object(App\Controllers\user_controller))
#7 C:\xampp\htdocs\tms_front\tms-frontend\vendor\codeigniter4\framework\system\CodeIgniter.php(326): CodeIgniter\CodeIgniter->handleRequest(NULL, Object(Config\Cache), false)
#8 C:\xampp\htdocs\tms_front\tms-frontend\public\index.php(37): CodeIgniter\CodeIgniter->run()
#9 C:\xampp\htdocs\tms_front\tms-frontend\vendor\codeigniter4\framework\system\Commands\Server\rewrite.php(43): require_once('C:\\xampp\\htdocs...')
#10 {main}
CRITICAL - 2022-04-18 11:29:09 --> Undefined variable: user
#0 C:\xampp\htdocs\tms_front\tms-frontend\app\Views\pages\dashboard.php(12): CodeIgniter\Debug\Exceptions->errorHandler(8, 'Undefined varia...', 'C:\\xampp\\htdocs...', 12, Array)
#1 C:\xampp\htdocs\tms_front\tms-frontend\vendor\codeigniter4\framework\system\View\View.php(210): include('C:\\xampp\\htdocs...')
#2 C:\xampp\htdocs\tms_front\tms-frontend\vendor\codeigniter4\framework\system\View\View.php(213): CodeIgniter\View\View->CodeIgniter\View\{closure}()
#3 C:\xampp\htdocs\tms_front\tms-frontend\vendor\codeigniter4\framework\system\Common.php(1089): CodeIgniter\View\View->render('pages/dashboard', Array, true)
#4 C:\xampp\htdocs\tms_front\tms-frontend\app\Controllers\user_controller.php(54): view('pages/dashboard', Array)
#5 C:\xampp\htdocs\tms_front\tms-frontend\vendor\codeigniter4\framework\system\CodeIgniter.php(832): App\Controllers\user_controller->dashboard()
#6 C:\xampp\htdocs\tms_front\tms-frontend\vendor\codeigniter4\framework\system\CodeIgniter.php(419): CodeIgniter\CodeIgniter->runController(Object(App\Controllers\user_controller))
#7 C:\xampp\htdocs\tms_front\tms-frontend\vendor\codeigniter4\framework\system\CodeIgniter.php(326): CodeIgniter\CodeIgniter->handleRequest(NULL, Object(Config\Cache), false)
#8 C:\xampp\htdocs\tms_front\tms-frontend\public\index.php(37): CodeIgniter\CodeIgniter->run()
#9 C:\xampp\htdocs\tms_front\tms-frontend\vendor\codeigniter4\framework\system\Commands\Server\rewrite.php(43): require_once('C:\\xampp\\htdocs...')
#10 {main}
CRITICAL - 2022-04-18 11:29:34 --> Undefined variable: _SESSION
#0 C:\xampp\htdocs\tms_front\tms-frontend\app\Views\pages\dashboard.php(229): CodeIgniter\Debug\Exceptions->errorHandler(8, 'Undefined varia...', 'C:\\xampp\\htdocs...', 229, Array)
#1 C:\xampp\htdocs\tms_front\tms-frontend\vendor\codeigniter4\framework\system\View\View.php(210): include('C:\\xampp\\htdocs...')
#2 C:\xampp\htdocs\tms_front\tms-frontend\vendor\codeigniter4\framework\system\View\View.php(213): CodeIgniter\View\View->CodeIgniter\View\{closure}()
#3 C:\xampp\htdocs\tms_front\tms-frontend\vendor\codeigniter4\framework\system\Common.php(1089): CodeIgniter\View\View->render('pages/dashboard', Array, true)
#4 C:\xampp\htdocs\tms_front\tms-frontend\app\Controllers\user_controller.php(55): view('pages/dashboard', Array)
#5 C:\xampp\htdocs\tms_front\tms-frontend\vendor\codeigniter4\framework\system\CodeIgniter.php(832): App\Controllers\user_controller->dashboard()
#6 C:\xampp\htdocs\tms_front\tms-frontend\vendor\codeigniter4\framework\system\CodeIgniter.php(419): CodeIgniter\CodeIgniter->runController(Object(App\Controllers\user_controller))
#7 C:\xampp\htdocs\tms_front\tms-frontend\vendor\codeigniter4\framework\system\CodeIgniter.php(326): CodeIgniter\CodeIgniter->handleRequest(NULL, Object(Config\Cache), false)
#8 C:\xampp\htdocs\tms_front\tms-frontend\public\index.php(37): CodeIgniter\CodeIgniter->run()
#9 C:\xampp\htdocs\tms_front\tms-frontend\vendor\codeigniter4\framework\system\Commands\Server\rewrite.php(43): require_once('C:\\xampp\\htdocs...')
#10 {main}
CRITICAL - 2022-04-18 11:29:34 --> Undefined variable: _SESSION
#0 C:\xampp\htdocs\tms_front\tms-frontend\app\Views\pages\dashboard.php(229): CodeIgniter\Debug\Exceptions->errorHandler(8, 'Undefined varia...', 'C:\\xampp\\htdocs...', 229, Array)
#1 C:\xampp\htdocs\tms_front\tms-frontend\vendor\codeigniter4\framework\system\View\View.php(210): include('C:\\xampp\\htdocs...')
#2 C:\xampp\htdocs\tms_front\tms-frontend\vendor\codeigniter4\framework\system\View\View.php(213): CodeIgniter\View\View->CodeIgniter\View\{closure}()
#3 C:\xampp\htdocs\tms_front\tms-frontend\vendor\codeigniter4\framework\system\Common.php(1089): CodeIgniter\View\View->render('pages/dashboard', Array, true)
#4 C:\xampp\htdocs\tms_front\tms-frontend\app\Controllers\user_controller.php(55): view('pages/dashboard', Array)
#5 C:\xampp\htdocs\tms_front\tms-frontend\vendor\codeigniter4\framework\system\CodeIgniter.php(832): App\Controllers\user_controller->dashboard()
#6 C:\xampp\htdocs\tms_front\tms-frontend\vendor\codeigniter4\framework\system\CodeIgniter.php(419): CodeIgniter\CodeIgniter->runController(Object(App\Controllers\user_controller))
#7 C:\xampp\htdocs\tms_front\tms-frontend\vendor\codeigniter4\framework\system\CodeIgniter.php(326): CodeIgniter\CodeIgniter->handleRequest(NULL, Object(Config\Cache), false)
#8 C:\xampp\htdocs\tms_front\tms-frontend\public\index.php(37): CodeIgniter\CodeIgniter->run()
#9 C:\xampp\htdocs\tms_front\tms-frontend\vendor\codeigniter4\framework\system\Commands\Server\rewrite.php(43): require_once('C:\\xampp\\htdocs...')
=======
CRITICAL - 2022-04-18 02:56:18 --> Undefined variable: _SESSION
#0 D:\Documents\GitHub\tms-frontend\app\Views\pages\dashboard.php(132): CodeIgniter\Debug\Exceptions->errorHandler(8, 'Undefined varia...', 'D:\\Documents\\Gi...', 132, Array)
#1 D:\Documents\GitHub\tms-frontend\vendor\codeigniter4\framework\system\View\View.php(210): include('D:\\Documents\\Gi...')
#2 D:\Documents\GitHub\tms-frontend\vendor\codeigniter4\framework\system\View\View.php(213): CodeIgniter\View\View->CodeIgniter\View\{closure}()
#3 D:\Documents\GitHub\tms-frontend\vendor\codeigniter4\framework\system\Common.php(1089): CodeIgniter\View\View->render('pages/dashboard', Array, true)
#4 D:\Documents\GitHub\tms-frontend\app\Controllers\user_controller.php(78): view('pages/dashboard', Array)
#5 D:\Documents\GitHub\tms-frontend\vendor\codeigniter4\framework\system\CodeIgniter.php(832): App\Controllers\user_controller->dashboard()
#6 D:\Documents\GitHub\tms-frontend\vendor\codeigniter4\framework\system\CodeIgniter.php(419): CodeIgniter\CodeIgniter->runController(Object(App\Controllers\user_controller))
#7 D:\Documents\GitHub\tms-frontend\vendor\codeigniter4\framework\system\CodeIgniter.php(326): CodeIgniter\CodeIgniter->handleRequest(NULL, Object(Config\Cache), false)
#8 D:\Documents\GitHub\tms-frontend\public\index.php(37): CodeIgniter\CodeIgniter->run()
#9 D:\Documents\GitHub\tms-frontend\vendor\codeigniter4\framework\system\Commands\Server\rewrite.php(43): require_once('D:\\Documents\\Gi...')
#10 {main}
CRITICAL - 2022-04-18 02:56:21 --> Undefined variable: _SESSION
#0 D:\Documents\GitHub\tms-frontend\app\Views\pages\dashboard.php(132): CodeIgniter\Debug\Exceptions->errorHandler(8, 'Undefined varia...', 'D:\\Documents\\Gi...', 132, Array)
#1 D:\Documents\GitHub\tms-frontend\vendor\codeigniter4\framework\system\View\View.php(210): include('D:\\Documents\\Gi...')
#2 D:\Documents\GitHub\tms-frontend\vendor\codeigniter4\framework\system\View\View.php(213): CodeIgniter\View\View->CodeIgniter\View\{closure}()
#3 D:\Documents\GitHub\tms-frontend\vendor\codeigniter4\framework\system\Common.php(1089): CodeIgniter\View\View->render('pages/dashboard', Array, true)
#4 D:\Documents\GitHub\tms-frontend\app\Controllers\user_controller.php(78): view('pages/dashboard', Array)
#5 D:\Documents\GitHub\tms-frontend\vendor\codeigniter4\framework\system\CodeIgniter.php(832): App\Controllers\user_controller->dashboard()
#6 D:\Documents\GitHub\tms-frontend\vendor\codeigniter4\framework\system\CodeIgniter.php(419): CodeIgniter\CodeIgniter->runController(Object(App\Controllers\user_controller))
#7 D:\Documents\GitHub\tms-frontend\vendor\codeigniter4\framework\system\CodeIgniter.php(326): CodeIgniter\CodeIgniter->handleRequest(NULL, Object(Config\Cache), false)
#8 D:\Documents\GitHub\tms-frontend\public\index.php(37): CodeIgniter\CodeIgniter->run()
#9 D:\Documents\GitHub\tms-frontend\vendor\codeigniter4\framework\system\Commands\Server\rewrite.php(43): require_once('D:\\Documents\\Gi...')
#10 {main}
CRITICAL - 2022-04-18 02:56:44 --> Undefined index: name
#0 D:\Documents\GitHub\tms-frontend\app\Views\pages\dashboard.php(133): CodeIgniter\Debug\Exceptions->errorHandler(8, 'Undefined index...', 'D:\\Documents\\Gi...', 133, Array)
#1 D:\Documents\GitHub\tms-frontend\vendor\codeigniter4\framework\system\View\View.php(210): include('D:\\Documents\\Gi...')
#2 D:\Documents\GitHub\tms-frontend\vendor\codeigniter4\framework\system\View\View.php(213): CodeIgniter\View\View->CodeIgniter\View\{closure}()
#3 D:\Documents\GitHub\tms-frontend\vendor\codeigniter4\framework\system\Common.php(1089): CodeIgniter\View\View->render('pages/dashboard', Array, true)
#4 D:\Documents\GitHub\tms-frontend\app\Controllers\user_controller.php(78): view('pages/dashboard', Array)
#5 D:\Documents\GitHub\tms-frontend\vendor\codeigniter4\framework\system\CodeIgniter.php(832): App\Controllers\user_controller->dashboard()
#6 D:\Documents\GitHub\tms-frontend\vendor\codeigniter4\framework\system\CodeIgniter.php(419): CodeIgniter\CodeIgniter->runController(Object(App\Controllers\user_controller))
#7 D:\Documents\GitHub\tms-frontend\vendor\codeigniter4\framework\system\CodeIgniter.php(326): CodeIgniter\CodeIgniter->handleRequest(NULL, Object(Config\Cache), false)
#8 D:\Documents\GitHub\tms-frontend\public\index.php(37): CodeIgniter\CodeIgniter->run()
#9 D:\Documents\GitHub\tms-frontend\vendor\codeigniter4\framework\system\Commands\Server\rewrite.php(43): require_once('D:\\Documents\\Gi...')
#10 {main}
CRITICAL - 2022-04-18 02:56:46 --> Undefined index: name
#0 D:\Documents\GitHub\tms-frontend\app\Views\pages\dashboard.php(133): CodeIgniter\Debug\Exceptions->errorHandler(8, 'Undefined index...', 'D:\\Documents\\Gi...', 133, Array)
#1 D:\Documents\GitHub\tms-frontend\vendor\codeigniter4\framework\system\View\View.php(210): include('D:\\Documents\\Gi...')
#2 D:\Documents\GitHub\tms-frontend\vendor\codeigniter4\framework\system\View\View.php(213): CodeIgniter\View\View->CodeIgniter\View\{closure}()
#3 D:\Documents\GitHub\tms-frontend\vendor\codeigniter4\framework\system\Common.php(1089): CodeIgniter\View\View->render('pages/dashboard', Array, true)
#4 D:\Documents\GitHub\tms-frontend\app\Controllers\user_controller.php(78): view('pages/dashboard', Array)
#5 D:\Documents\GitHub\tms-frontend\vendor\codeigniter4\framework\system\CodeIgniter.php(832): App\Controllers\user_controller->dashboard()
#6 D:\Documents\GitHub\tms-frontend\vendor\codeigniter4\framework\system\CodeIgniter.php(419): CodeIgniter\CodeIgniter->runController(Object(App\Controllers\user_controller))
#7 D:\Documents\GitHub\tms-frontend\vendor\codeigniter4\framework\system\CodeIgniter.php(326): CodeIgniter\CodeIgniter->handleRequest(NULL, Object(Config\Cache), false)
#8 D:\Documents\GitHub\tms-frontend\public\index.php(37): CodeIgniter\CodeIgniter->run()
#9 D:\Documents\GitHub\tms-frontend\vendor\codeigniter4\framework\system\Commands\Server\rewrite.php(43): require_once('D:\\Documents\\Gi...')
#10 {main}
CRITICAL - 2022-04-18 03:00:12 --> Undefined index: name
#0 D:\Documents\GitHub\tms-frontend\app\Views\pages\dashboard.php(133): CodeIgniter\Debug\Exceptions->errorHandler(8, 'Undefined index...', 'D:\\Documents\\Gi...', 133, Array)
#1 D:\Documents\GitHub\tms-frontend\vendor\codeigniter4\framework\system\View\View.php(210): include('D:\\Documents\\Gi...')
#2 D:\Documents\GitHub\tms-frontend\vendor\codeigniter4\framework\system\View\View.php(213): CodeIgniter\View\View->CodeIgniter\View\{closure}()
#3 D:\Documents\GitHub\tms-frontend\vendor\codeigniter4\framework\system\Common.php(1089): CodeIgniter\View\View->render('pages/dashboard', Array, true)
#4 D:\Documents\GitHub\tms-frontend\app\Controllers\user_controller.php(78): view('pages/dashboard', Array)
#5 D:\Documents\GitHub\tms-frontend\vendor\codeigniter4\framework\system\CodeIgniter.php(832): App\Controllers\user_controller->dashboard()
#6 D:\Documents\GitHub\tms-frontend\vendor\codeigniter4\framework\system\CodeIgniter.php(419): CodeIgniter\CodeIgniter->runController(Object(App\Controllers\user_controller))
#7 D:\Documents\GitHub\tms-frontend\vendor\codeigniter4\framework\system\CodeIgniter.php(326): CodeIgniter\CodeIgniter->handleRequest(NULL, Object(Config\Cache), false)
#8 D:\Documents\GitHub\tms-frontend\public\index.php(37): CodeIgniter\CodeIgniter->run()
#9 D:\Documents\GitHub\tms-frontend\vendor\codeigniter4\framework\system\Commands\Server\rewrite.php(43): require_once('D:\\Documents\\Gi...')
#10 {main}
CRITICAL - 2022-04-18 03:00:14 --> Undefined index: name
#0 D:\Documents\GitHub\tms-frontend\app\Views\pages\dashboard.php(133): CodeIgniter\Debug\Exceptions->errorHandler(8, 'Undefined index...', 'D:\\Documents\\Gi...', 133, Array)
#1 D:\Documents\GitHub\tms-frontend\vendor\codeigniter4\framework\system\View\View.php(210): include('D:\\Documents\\Gi...')
#2 D:\Documents\GitHub\tms-frontend\vendor\codeigniter4\framework\system\View\View.php(213): CodeIgniter\View\View->CodeIgniter\View\{closure}()
#3 D:\Documents\GitHub\tms-frontend\vendor\codeigniter4\framework\system\Common.php(1089): CodeIgniter\View\View->render('pages/dashboard', Array, true)
#4 D:\Documents\GitHub\tms-frontend\app\Controllers\user_controller.php(78): view('pages/dashboard', Array)
#5 D:\Documents\GitHub\tms-frontend\vendor\codeigniter4\framework\system\CodeIgniter.php(832): App\Controllers\user_controller->dashboard()
#6 D:\Documents\GitHub\tms-frontend\vendor\codeigniter4\framework\system\CodeIgniter.php(419): CodeIgniter\CodeIgniter->runController(Object(App\Controllers\user_controller))
#7 D:\Documents\GitHub\tms-frontend\vendor\codeigniter4\framework\system\CodeIgniter.php(326): CodeIgniter\CodeIgniter->handleRequest(NULL, Object(Config\Cache), false)
#8 D:\Documents\GitHub\tms-frontend\public\index.php(37): CodeIgniter\CodeIgniter->run()
#9 D:\Documents\GitHub\tms-frontend\vendor\codeigniter4\framework\system\Commands\Server\rewrite.php(43): require_once('D:\\Documents\\Gi...')
#10 {main}
CRITICAL - 2022-04-18 03:00:15 --> Undefined index: name
#0 D:\Documents\GitHub\tms-frontend\app\Views\pages\dashboard.php(133): CodeIgniter\Debug\Exceptions->errorHandler(8, 'Undefined index...', 'D:\\Documents\\Gi...', 133, Array)
#1 D:\Documents\GitHub\tms-frontend\vendor\codeigniter4\framework\system\View\View.php(210): include('D:\\Documents\\Gi...')
#2 D:\Documents\GitHub\tms-frontend\vendor\codeigniter4\framework\system\View\View.php(213): CodeIgniter\View\View->CodeIgniter\View\{closure}()
#3 D:\Documents\GitHub\tms-frontend\vendor\codeigniter4\framework\system\Common.php(1089): CodeIgniter\View\View->render('pages/dashboard', Array, true)
#4 D:\Documents\GitHub\tms-frontend\app\Controllers\user_controller.php(78): view('pages/dashboard', Array)
#5 D:\Documents\GitHub\tms-frontend\vendor\codeigniter4\framework\system\CodeIgniter.php(832): App\Controllers\user_controller->dashboard()
#6 D:\Documents\GitHub\tms-frontend\vendor\codeigniter4\framework\system\CodeIgniter.php(419): CodeIgniter\CodeIgniter->runController(Object(App\Controllers\user_controller))
#7 D:\Documents\GitHub\tms-frontend\vendor\codeigniter4\framework\system\CodeIgniter.php(326): CodeIgniter\CodeIgniter->handleRequest(NULL, Object(Config\Cache), false)
#8 D:\Documents\GitHub\tms-frontend\public\index.php(37): CodeIgniter\CodeIgniter->run()
#9 D:\Documents\GitHub\tms-frontend\vendor\codeigniter4\framework\system\Commands\Server\rewrite.php(43): require_once('D:\\Documents\\Gi...')
>>>>>>> Stashed changes
#10 {main}
